INFO: [VRFC 10-163] Analyzing VHDL file "/home/sam/Desktop/VIVADO_git_PSI_ciphers/VIVADO-lightweight-crypto-project/Simeck/Simeck_64_128_serial/Simeck_64_128_serial.srcs/sources_1/imports/Simeck_64_128_bit_serial.srcs/sources_1/new/Simeck_64_128_bitserial.vhd" into library xil_defaultlib
INFO: [VRFC 10-307] analyzing entity Simeck_64_128_bit_serial
INFO: [VRFC 10-163] Analyzing VHDL file "/home/sam/Desktop/VIVADO_git_PSI_ciphers/VIVADO-lightweight-crypto-project/Simeck/Simeck_64_128_serial/Simeck_64_128_serial.srcs/sources_1/imports/new/Testing_IP.vhd" into library xil_defaultlib
INFO: [VRFC 10-307] analyzing entity Testing_IP
INFO: [VRFC 10-163] Analyzing VHDL file "/home/sam/Desktop/VIVADO_git_PSI_ciphers/VIVADO-lightweight-crypto-project/Simeck/Simeck_64_128_serial/Simeck_64_128_serial.srcs/sources_1/imports/Simeck_64_128_bit_serial.srcs/sources_1/new/cnt.vhd" into library xil_defaultlib
INFO: [VRFC 10-307] analyzing entity CNT
INFO: [VRFC 10-163] Analyzing VHDL file "/home/sam/Desktop/VIVADO_git_PSI_ciphers/VIVADO-lightweight-crypto-project/Simeck/Simeck_64_128_serial/Simeck_64_128_serial.srcs/sources_1/imports/Simeck_64_128_bit_serial.srcs/sources_1/new/lfsr.vhd" into library xil_defaultlib
INFO: [VRFC 10-307] analyzing entity lfsr
INFO: [VRFC 10-163] Analyzing VHDL file "/home/sam/Desktop/VIVADO_git_PSI_ciphers/VIVADO-lightweight-crypto-project/Simeck/Simeck_64_128_serial/Simeck_64_128_serial.srcs/sources_1/imports/Simeck_64_128_bit_serial.srcs/sources_1/new/mux.vhd" into library xil_defaultlib
INFO: [VRFC 10-307] analyzing entity MUX
INFO: [VRFC 10-163] Analyzing VHDL file "/home/sam/Desktop/VIVADO_git_PSI_ciphers/VIVADO-lightweight-crypto-project/Simeck/Simeck_64_128_serial/Simeck_64_128_serial.srcs/sources_1/imports/Simeck_64_128_bit_serial.srcs/sources_1/new/normal_shift_reg.vhd" into library xil_defaultlib
INFO: [VRFC 10-307] analyzing entity normal_shift_reg
INFO: [VRFC 10-163] Analyzing VHDL file "/home/sam/Desktop/VIVADO_git_PSI_ciphers/VIVADO-lightweight-crypto-project/Simeck/Simeck_64_128_serial/Simeck_64_128_serial.srcs/sources_1/imports/Simeck_64_128_bit_serial.srcs/sources_1/new/rnd_constants_function.vhd" into library xil_defaultlib
INFO: [VRFC 10-307] analyzing entity rnd_constants_MUX
INFO: [VRFC 10-163] Analyzing VHDL file "/home/sam/Desktop/VIVADO_git_PSI_ciphers/VIVADO-lightweight-crypto-project/Simeck/Simeck_64_128_serial/Simeck_64_128_serial.srcs/sources_1/imports/Simeck_64_128_bit_serial.srcs/sources_1/new/rnd_function.vhd" into library xil_defaultlib
INFO: [VRFC 10-307] analyzing entity rnd_function
INFO: [VRFC 10-163] Analyzing VHDL file "/home/sam/Desktop/VIVADO_git_PSI_ciphers/VIVADO-lightweight-crypto-project/Simeck/Simeck_64_128_serial/Simeck_64_128_serial.srcs/sources_1/imports/Simeck_64_128_bit_serial.srcs/sources_1/new/tapped_shift_reg.vhd" into library xil_defaultlib
INFO: [VRFC 10-307] analyzing entity tapped_shift_reg
INFO: [VRFC 10-163] Analyzing VHDL file "/home/sam/Desktop/VIVADO_git_PSI_ciphers/VIVADO-lightweight-crypto-project/Simeck/Simeck_64_128_serial/Simeck_64_128_serial.srcs/sim_1/imports/new/Testing_IP_TB.vhd" into library xil_defaultlib
INFO: [VRFC 10-307] analyzing entity Testing_IP_TB
