Vivado Simulator 2018.1
Copyright 1986-1999, 2001-2017 Xilinx, Inc. All Rights Reserved.
Running: /opt/Xilinx/Vivado/2018.1/bin/unwrapped/lnx64.o/xelab -wto 91381842b0814fb78d8ccf826fc8ab8c --incr --debug typical --relax --mt 8 -L xil_defaultlib -L secureip --snapshot Testing_IP_TB_behav xil_defaultlib.Testing_IP_TB -log elaborate.log 
Using 8 slave threads.
Starting static elaboration
Completed static elaboration
Starting simulation data flow analysis
Completed simulation data flow analysis
Time Resolution for simulation is 1ps
Compiling package std.standard
Compiling package std.textio
Compiling package ieee.std_logic_1164
Compiling package ieee.std_logic_arith
Compiling package ieee.std_logic_unsigned
Compiling package ieee.numeric_std
Compiling architecture behavioral of entity xil_defaultlib.MUX [mux_default]
Compiling architecture behavioral of entity xil_defaultlib.tapped_shift_reg [\tapped_shift_reg(length=32)\]
Compiling architecture behavioral of entity xil_defaultlib.rnd_function [rnd_function_default]
Compiling architecture behavioral of entity xil_defaultlib.normal_shift_reg [\normal_shift_reg(length=64)\]
Compiling architecture behavioral of entity xil_defaultlib.rnd_constants_MUX [\rnd_constants_MUX(cnt_size=5)\]
Compiling architecture behavioral of entity xil_defaultlib.CNT [cnt_default]
Compiling architecture behavioral of entity xil_defaultlib.lfsr [\lfsr(length=6)\]
Compiling architecture behavioral of entity xil_defaultlib.Simeck_64_128_bit_serial [simeck_64_128_bit_serial_default]
Compiling architecture behavioral of entity xil_defaultlib.CNT [\CNT(size=7)\]
Compiling architecture behavioral of entity xil_defaultlib.Testing_IP [testing_ip_default]
Compiling architecture behavioral of entity xil_defaultlib.testing_ip_tb
Built simulation snapshot Testing_IP_TB_behav
