INFO: [VRFC 10-163] Analyzing VHDL file "/home/sam/vivado/AES_128_AXI_stream/AES_128_AXI_stream.srcs/sources_1/imports/AES.srcs/sources_1/imports/src/AES_128_parallel.vhd" into library xil_defaultlib
INFO: [VRFC 10-307] analyzing entity AES_128_parallel
INFO: [VRFC 10-163] Analyzing VHDL file "/home/sam/vivado/AES_128_AXI_stream/AES_128_AXI_stream.srcs/sources_1/imports/AES.srcs/sources_1/imports/src/AddRoundKey.vhd" into library xil_defaultlib
INFO: [VRFC 10-307] analyzing entity AddRoundKey
INFO: [VRFC 10-163] Analyzing VHDL file "/home/sam/vivado/AES_128_AXI_stream/AES_128_AXI_stream.srcs/sources_1/imports/AES.srcs/sources_1/imports/src/MixColumns.vhd" into library xil_defaultlib
INFO: [VRFC 10-307] analyzing entity MixColumns
INFO: [VRFC 10-163] Analyzing VHDL file "/home/sam/vivado/AES_128_AXI_stream/AES_128_AXI_stream.srcs/sources_1/imports/AES.srcs/sources_1/imports/src/Shiftrows.vhd" into library xil_defaultlib
INFO: [VRFC 10-307] analyzing entity Shiftrows
INFO: [VRFC 10-163] Analyzing VHDL file "/home/sam/vivado/AES_128_AXI_stream/AES_128_AXI_stream.srcs/sources_1/new/axi_stream_wrapper.vhd" into library xil_defaultlib
INFO: [VRFC 10-307] analyzing entity axi_stream_wrapper
INFO: [VRFC 10-163] Analyzing VHDL file "/home/sam/vivado/AES_128_AXI_stream/AES_128_AXI_stream.srcs/sources_1/imports/AES.srcs/sources_1/imports/src/cnt.vhd" into library xil_defaultlib
INFO: [VRFC 10-307] analyzing entity CNT
INFO: [VRFC 10-163] Analyzing VHDL file "/home/sam/vivado/AES_128_AXI_stream/AES_128_AXI_stream.srcs/sources_1/imports/AES.srcs/sources_1/imports/src/key_schedule.vhd" into library xil_defaultlib
INFO: [VRFC 10-307] analyzing entity key_schedule
INFO: [VRFC 10-163] Analyzing VHDL file "/home/sam/vivado/AES_128_AXI_stream/AES_128_AXI_stream.srcs/sources_1/imports/AES.srcs/sources_1/imports/src/mixcolumn.vhd" into library xil_defaultlib
INFO: [VRFC 10-307] analyzing entity mixColumn
INFO: [VRFC 10-163] Analyzing VHDL file "/home/sam/vivado/AES_128_AXI_stream/AES_128_AXI_stream.srcs/sources_1/imports/AES.srcs/sources_1/imports/src/mux.vhd" into library xil_defaultlib
INFO: [VRFC 10-307] analyzing entity MUX
INFO: [VRFC 10-163] Analyzing VHDL file "/home/sam/vivado/AES_128_AXI_stream/AES_128_AXI_stream.srcs/sources_1/imports/AES.srcs/sources_1/imports/src/reg.vhd" into library xil_defaultlib
INFO: [VRFC 10-307] analyzing entity reg
INFO: [VRFC 10-163] Analyzing VHDL file "/home/sam/vivado/AES_128_AXI_stream/AES_128_AXI_stream.srcs/sources_1/imports/AES.srcs/sources_1/imports/src/sbox.vhd" into library xil_defaultlib
INFO: [VRFC 10-307] analyzing entity sbox
INFO: [VRFC 10-163] Analyzing VHDL file "/home/sam/vivado/AES_128_AXI_stream/AES_128_AXI_stream.srcs/sources_1/imports/AES.srcs/sources_1/imports/src/subBytes.vhd" into library xil_defaultlib
INFO: [VRFC 10-307] analyzing entity subBytes
INFO: [VRFC 10-163] Analyzing VHDL file "/home/sam/vivado/AES_128_AXI_stream/AES_128_AXI_stream.srcs/sim_1/new/axi_stream_TB.vhd" into library xil_defaultlib
INFO: [VRFC 10-307] analyzing entity present128_axis_tb
INFO: [VRFC 10-163] Analyzing VHDL file "/home/sam/vivado/AES_128_AXI_stream/AES_128_AXI_stream.srcs/sources_1/new/axi_stream_wrapper.vhd" into library xil_defaultlib
INFO: [VRFC 10-307] analyzing entity axi_stream_wrapper
INFO: [VRFC 10-163] Analyzing VHDL file "/home/sam/vivado/AES_128_AXI_stream/AES_128_AXI_stream.srcs/sim_1/new/axi_stream_TB.vhd" into library xil_defaultlib
INFO: [VRFC 10-307] analyzing entity present128_axis_tb
INFO: [VRFC 10-163] Analyzing VHDL file "/home/sam/vivado/AES_128_AXI_stream/AES_128_AXI_stream.srcs/sources_1/new/axi_stream_wrapper.vhd" into library xil_defaultlib
INFO: [VRFC 10-307] analyzing entity axi_stream_wrapper
INFO: [VRFC 10-163] Analyzing VHDL file "/home/sam/vivado/AES_128_AXI_stream/AES_128_AXI_stream.srcs/sim_1/new/axi_stream_TB.vhd" into library xil_defaultlib
INFO: [VRFC 10-307] analyzing entity present128_axis_tb
INFO: [VRFC 10-163] Analyzing VHDL file "/home/sam/vivado/AES_128_AXI_stream/AES_128_AXI_stream.srcs/sources_1/new/axi_stream_wrapper.vhd" into library xil_defaultlib
INFO: [VRFC 10-307] analyzing entity axi_stream_wrapper
INFO: [VRFC 10-163] Analyzing VHDL file "/home/sam/vivado/AES_128_AXI_stream/AES_128_AXI_stream.srcs/sources_1/new/axi_stream_wrapper.vhd" into library xil_defaultlib
INFO: [VRFC 10-307] analyzing entity axi_stream_wrapper
INFO: [VRFC 10-163] Analyzing VHDL file "/home/sam/vivado/AES_128_AXI_stream/AES_128_AXI_stream.srcs/sources_1/new/axi_stream_wrapper.vhd" into library xil_defaultlib
INFO: [VRFC 10-307] analyzing entity axi_stream_wrapper
INFO: [VRFC 10-163] Analyzing VHDL file "/home/sam/vivado/AES_128_AXI_stream/AES_128_AXI_stream.srcs/sources_1/imports/AES.srcs/sources_1/imports/src/AES_128_parallel.vhd" into library xil_defaultlib
INFO: [VRFC 10-307] analyzing entity AES_128_parallel
INFO: [VRFC 10-163] Analyzing VHDL file "/home/sam/vivado/AES_128_AXI_stream/AES_128_AXI_stream.srcs/sources_1/new/axi_stream_wrapper.vhd" into library xil_defaultlib
INFO: [VRFC 10-307] analyzing entity axi_stream_wrapper
INFO: [VRFC 10-163] Analyzing VHDL file "/home/sam/vivado/AES_128_AXI_stream/AES_128_AXI_stream.srcs/sources_1/new/axi_stream_wrapper.vhd" into library xil_defaultlib
INFO: [VRFC 10-307] analyzing entity axi_stream_wrapper
INFO: [VRFC 10-163] Analyzing VHDL file "/home/sam/vivado/AES_128_AXI_stream/AES_128_AXI_stream.srcs/sources_1/new/axi_stream_wrapper.vhd" into library xil_defaultlib
INFO: [VRFC 10-307] analyzing entity axi_stream_wrapper
ERROR: [VRFC 10-91] read_key is not declared [/home/sam/vivado/AES_128_AXI_stream/AES_128_AXI_stream.srcs/sources_1/new/axi_stream_wrapper.vhd:78]
ERROR: [VRFC 10-2123] 0 definitions of operator "or" match here [/home/sam/vivado/AES_128_AXI_stream/AES_128_AXI_stream.srcs/sources_1/new/axi_stream_wrapper.vhd:78]
ERROR: [VRFC 10-1504] unit behavioral ignored due to previous errors [/home/sam/vivado/AES_128_AXI_stream/AES_128_AXI_stream.srcs/sources_1/new/axi_stream_wrapper.vhd:20]
INFO: [VRFC 10-240] VHDL file /home/sam/vivado/AES_128_AXI_stream/AES_128_AXI_stream.srcs/sources_1/new/axi_stream_wrapper.vhd ignored due to errors
INFO: [VRFC 10-163] Analyzing VHDL file "/home/sam/vivado/AES_128_AXI_stream/AES_128_AXI_stream.srcs/sources_1/new/axi_stream_wrapper.vhd" into library xil_defaultlib
INFO: [VRFC 10-307] analyzing entity axi_stream_wrapper
ERROR: [VRFC 10-91] read_key is not declared [/home/sam/vivado/AES_128_AXI_stream/AES_128_AXI_stream.srcs/sources_1/new/axi_stream_wrapper.vhd:78]
ERROR: [VRFC 10-2123] 0 definitions of operator "or" match here [/home/sam/vivado/AES_128_AXI_stream/AES_128_AXI_stream.srcs/sources_1/new/axi_stream_wrapper.vhd:78]
ERROR: [VRFC 10-1504] unit behavioral ignored due to previous errors [/home/sam/vivado/AES_128_AXI_stream/AES_128_AXI_stream.srcs/sources_1/new/axi_stream_wrapper.vhd:20]
INFO: [VRFC 10-240] VHDL file /home/sam/vivado/AES_128_AXI_stream/AES_128_AXI_stream.srcs/sources_1/new/axi_stream_wrapper.vhd ignored due to errors
INFO: [VRFC 10-163] Analyzing VHDL file "/home/sam/vivado/AES_128_AXI_stream/AES_128_AXI_stream.srcs/sources_1/new/axi_stream_wrapper.vhd" into library xil_defaultlib
INFO: [VRFC 10-307] analyzing entity axi_stream_wrapper
ERROR: [VRFC 10-91] read_key is not declared [/home/sam/vivado/AES_128_AXI_stream/AES_128_AXI_stream.srcs/sources_1/new/axi_stream_wrapper.vhd:78]
ERROR: [VRFC 10-2123] 0 definitions of operator "or" match here [/home/sam/vivado/AES_128_AXI_stream/AES_128_AXI_stream.srcs/sources_1/new/axi_stream_wrapper.vhd:78]
ERROR: [VRFC 10-1504] unit behavioral ignored due to previous errors [/home/sam/vivado/AES_128_AXI_stream/AES_128_AXI_stream.srcs/sources_1/new/axi_stream_wrapper.vhd:20]
INFO: [VRFC 10-240] VHDL file /home/sam/vivado/AES_128_AXI_stream/AES_128_AXI_stream.srcs/sources_1/new/axi_stream_wrapper.vhd ignored due to errors
INFO: [VRFC 10-163] Analyzing VHDL file "/home/sam/vivado/AES_128_AXI_stream/AES_128_AXI_stream.srcs/sources_1/new/axi_stream_wrapper.vhd" into library xil_defaultlib
INFO: [VRFC 10-307] analyzing entity axi_stream_wrapper
ERROR: [VRFC 10-91] read_key is not declared [/home/sam/vivado/AES_128_AXI_stream/AES_128_AXI_stream.srcs/sources_1/new/axi_stream_wrapper.vhd:78]
ERROR: [VRFC 10-2123] 0 definitions of operator "or" match here [/home/sam/vivado/AES_128_AXI_stream/AES_128_AXI_stream.srcs/sources_1/new/axi_stream_wrapper.vhd:78]
ERROR: [VRFC 10-1504] unit behavioral ignored due to previous errors [/home/sam/vivado/AES_128_AXI_stream/AES_128_AXI_stream.srcs/sources_1/new/axi_stream_wrapper.vhd:20]
INFO: [VRFC 10-240] VHDL file /home/sam/vivado/AES_128_AXI_stream/AES_128_AXI_stream.srcs/sources_1/new/axi_stream_wrapper.vhd ignored due to errors
INFO: [VRFC 10-163] Analyzing VHDL file "/home/sam/vivado/AES_128_AXI_stream/AES_128_AXI_stream.srcs/sources_1/new/axi_stream_wrapper.vhd" into library xil_defaultlib
INFO: [VRFC 10-307] analyzing entity axi_stream_wrapper
INFO: [VRFC 10-163] Analyzing VHDL file "/home/sam/vivado/AES_128_AXI_stream/AES_128_AXI_stream.srcs/sources_1/new/axi_stream_wrapper.vhd" into library xil_defaultlib
INFO: [VRFC 10-307] analyzing entity axi_stream_wrapper
INFO: [VRFC 10-163] Analyzing VHDL file "/home/sam/vivado/AES_128_AXI_stream/AES_128_AXI_stream.srcs/sources_1/imports/AES.srcs/sources_1/imports/src/AES_128_parallel.vhd" into library xil_defaultlib
INFO: [VRFC 10-307] analyzing entity AES_128_parallel
INFO: [VRFC 10-163] Analyzing VHDL file "/home/sam/vivado/AES_128_AXI_stream/AES_128_AXI_stream.srcs/sources_1/new/axi_stream_wrapper.vhd" into library xil_defaultlib
INFO: [VRFC 10-307] analyzing entity axi_stream_wrapper
INFO: [VRFC 10-163] Analyzing VHDL file "/home/sam/vivado/AES_128_AXI_stream/AES_128_AXI_stream.srcs/sources_1/new/axi_stream_wrapper.vhd" into library xil_defaultlib
INFO: [VRFC 10-307] analyzing entity axi_stream_wrapper
INFO: [VRFC 10-163] Analyzing VHDL file "/home/sam/vivado/AES_128_AXI_stream/AES_128_AXI_stream.srcs/sources_1/new/axi_stream_wrapper.vhd" into library xil_defaultlib
INFO: [VRFC 10-307] analyzing entity axi_stream_wrapper
INFO: [VRFC 10-163] Analyzing VHDL file "/home/sam/vivado/AES_128_AXI_stream/AES_128_AXI_stream.srcs/sources_1/imports/AES.srcs/sources_1/imports/src/AES_128_parallel.vhd" into library xil_defaultlib
INFO: [VRFC 10-307] analyzing entity AES_128_parallel
INFO: [VRFC 10-163] Analyzing VHDL file "/home/sam/vivado/AES_128_AXI_stream/AES_128_AXI_stream.srcs/sources_1/new/axi_stream_wrapper.vhd" into library xil_defaultlib
INFO: [VRFC 10-307] analyzing entity axi_stream_wrapper
INFO: [VRFC 10-163] Analyzing VHDL file "/home/sam/vivado/AES_128_AXI_stream/AES_128_AXI_stream.srcs/sources_1/new/axi_stream_wrapper.vhd" into library xil_defaultlib
INFO: [VRFC 10-307] analyzing entity axi_stream_wrapper
INFO: [VRFC 10-163] Analyzing VHDL file "/home/sam/vivado/AES_128_AXI_stream/AES_128_AXI_stream.srcs/sources_1/new/axi_stream_wrapper.vhd" into library xil_defaultlib
INFO: [VRFC 10-307] analyzing entity axi_stream_wrapper
INFO: [VRFC 10-163] Analyzing VHDL file "/home/sam/vivado/AES_128_AXI_stream/AES_128_AXI_stream.srcs/sources_1/new/axi_stream_wrapper.vhd" into library xil_defaultlib
INFO: [VRFC 10-307] analyzing entity axi_stream_wrapper
INFO: [VRFC 10-163] Analyzing VHDL file "/home/sam/vivado/AES_128_AXI_stream/AES_128_AXI_stream.srcs/sim_1/new/axi_stream_TB.vhd" into library xil_defaultlib
INFO: [VRFC 10-307] analyzing entity present128_axis_tb
INFO: [VRFC 10-163] Analyzing VHDL file "/home/sam/vivado/AES_128_AXI_stream/AES_128_AXI_stream.srcs/sources_1/new/axi_stream_wrapper.vhd" into library xil_defaultlib
INFO: [VRFC 10-307] analyzing entity axi_stream_wrapper
INFO: [VRFC 10-163] Analyzing VHDL file "/home/sam/vivado/AES_128_AXI_stream/AES_128_AXI_stream.srcs/sources_1/new/axi_stream_wrapper.vhd" into library xil_defaultlib
INFO: [VRFC 10-307] analyzing entity axi_stream_wrapper
ERROR: [VRFC 10-91] stabilize is not declared [/home/sam/vivado/AES_128_AXI_stream/AES_128_AXI_stream.srcs/sources_1/new/axi_stream_wrapper.vhd:135]
ERROR: [VRFC 10-1504] unit behavioral ignored due to previous errors [/home/sam/vivado/AES_128_AXI_stream/AES_128_AXI_stream.srcs/sources_1/new/axi_stream_wrapper.vhd:20]
INFO: [VRFC 10-240] VHDL file /home/sam/vivado/AES_128_AXI_stream/AES_128_AXI_stream.srcs/sources_1/new/axi_stream_wrapper.vhd ignored due to errors
INFO: [VRFC 10-163] Analyzing VHDL file "/home/sam/vivado/AES_128_AXI_stream/AES_128_AXI_stream.srcs/sources_1/new/axi_stream_wrapper.vhd" into library xil_defaultlib
INFO: [VRFC 10-307] analyzing entity axi_stream_wrapper
ERROR: [VRFC 10-91] stabilize is not declared [/home/sam/vivado/AES_128_AXI_stream/AES_128_AXI_stream.srcs/sources_1/new/axi_stream_wrapper.vhd:135]
ERROR: [VRFC 10-1504] unit behavioral ignored due to previous errors [/home/sam/vivado/AES_128_AXI_stream/AES_128_AXI_stream.srcs/sources_1/new/axi_stream_wrapper.vhd:20]
INFO: [VRFC 10-240] VHDL file /home/sam/vivado/AES_128_AXI_stream/AES_128_AXI_stream.srcs/sources_1/new/axi_stream_wrapper.vhd ignored due to errors
INFO: [VRFC 10-163] Analyzing VHDL file "/home/sam/vivado/AES_128_AXI_stream/AES_128_AXI_stream.srcs/sources_1/new/axi_stream_wrapper.vhd" into library xil_defaultlib
INFO: [VRFC 10-307] analyzing entity axi_stream_wrapper
INFO: [VRFC 10-163] Analyzing VHDL file "/home/sam/vivado/AES_128_AXI_stream/AES_128_AXI_stream.srcs/sources_1/new/axi_stream_wrapper.vhd" into library xil_defaultlib
INFO: [VRFC 10-307] analyzing entity axi_stream_wrapper
INFO: [VRFC 10-163] Analyzing VHDL file "/home/sam/vivado/AES_128_AXI_stream/AES_128_AXI_stream.srcs/sources_1/imports/AES.srcs/sources_1/imports/src/AES_128_parallel.vhd" into library xil_defaultlib
INFO: [VRFC 10-307] analyzing entity AES_128_parallel
INFO: [VRFC 10-163] Analyzing VHDL file "/home/sam/vivado/AES_128_AXI_stream/AES_128_AXI_stream.srcs/sources_1/new/axi_stream_wrapper.vhd" into library xil_defaultlib
INFO: [VRFC 10-307] analyzing entity axi_stream_wrapper
INFO: [VRFC 10-163] Analyzing VHDL file "/home/sam/vivado/AES_128_AXI_stream/AES_128_AXI_stream.srcs/sources_1/new/axi_stream_wrapper.vhd" into library xil_defaultlib
INFO: [VRFC 10-307] analyzing entity axi_stream_wrapper
INFO: [VRFC 10-163] Analyzing VHDL file "/home/sam/vivado/AES_128_AXI_stream/AES_128_AXI_stream.srcs/sources_1/new/axi_stream_wrapper.vhd" into library xil_defaultlib
INFO: [VRFC 10-307] analyzing entity axi_stream_wrapper
INFO: [VRFC 10-163] Analyzing VHDL file "/home/sam/vivado/AES_128_AXI_stream/AES_128_AXI_stream.srcs/sources_1/new/axi_stream_wrapper.vhd" into library xil_defaultlib
INFO: [VRFC 10-307] analyzing entity axi_stream_wrapper
INFO: [VRFC 10-163] Analyzing VHDL file "/home/sam/vivado/AES_128_AXI_stream/AES_128_AXI_stream.srcs/sources_1/imports/AES.srcs/sources_1/imports/src/AES_128_parallel.vhd" into library xil_defaultlib
INFO: [VRFC 10-307] analyzing entity AES_128_parallel
INFO: [VRFC 10-163] Analyzing VHDL file "/home/sam/vivado/AES_128_AXI_stream/AES_128_AXI_stream.srcs/sources_1/imports/AES.srcs/sources_1/imports/src/AES_128_parallel.vhd" into library xil_defaultlib
INFO: [VRFC 10-307] analyzing entity AES_128_parallel
INFO: [VRFC 10-163] Analyzing VHDL file "/home/sam/vivado/AES_128_AXI_stream/AES_128_AXI_stream.srcs/sources_1/imports/AES.srcs/sources_1/imports/src/AES_128_parallel.vhd" into library xil_defaultlib
INFO: [VRFC 10-307] analyzing entity AES_128_parallel
INFO: [VRFC 10-163] Analyzing VHDL file "/home/sam/vivado/AES_128_AXI_stream/AES_128_AXI_stream.srcs/sources_1/imports/AES.srcs/sources_1/imports/src/AES_128_parallel.vhd" into library xil_defaultlib
INFO: [VRFC 10-307] analyzing entity AES_128_parallel
INFO: [VRFC 10-163] Analyzing VHDL file "/home/sam/vivado/AES_128_AXI_stream/AES_128_AXI_stream.srcs/sources_1/new/axi_stream_wrapper.vhd" into library xil_defaultlib
INFO: [VRFC 10-307] analyzing entity axi_stream_wrapper
INFO: [VRFC 10-163] Analyzing VHDL file "/home/sam/vivado/AES_128_AXI_stream/AES_128_AXI_stream.srcs/sources_1/imports/AES.srcs/sources_1/imports/src/AES_128_parallel.vhd" into library xil_defaultlib
INFO: [VRFC 10-307] analyzing entity AES_128_parallel
ERROR: [VRFC 10-91] idle is not declared [/home/sam/vivado/AES_128_AXI_stream/AES_128_AXI_stream.srcs/sources_1/imports/AES.srcs/sources_1/imports/src/AES_128_parallel.vhd:93]
ERROR: [VRFC 10-1504] unit behavioral ignored due to previous errors [/home/sam/vivado/AES_128_AXI_stream/AES_128_AXI_stream.srcs/sources_1/imports/AES.srcs/sources_1/imports/src/AES_128_parallel.vhd:19]
INFO: [VRFC 10-240] VHDL file /home/sam/vivado/AES_128_AXI_stream/AES_128_AXI_stream.srcs/sources_1/imports/AES.srcs/sources_1/imports/src/AES_128_parallel.vhd ignored due to errors
INFO: [VRFC 10-163] Analyzing VHDL file "/home/sam/vivado/AES_128_AXI_stream/AES_128_AXI_stream.srcs/sources_1/imports/AES.srcs/sources_1/imports/src/AES_128_parallel.vhd" into library xil_defaultlib
INFO: [VRFC 10-307] analyzing entity AES_128_parallel
INFO: [VRFC 10-163] Analyzing VHDL file "/home/sam/vivado/AES_128_AXI_stream/AES_128_AXI_stream.srcs/sources_1/imports/AES.srcs/sources_1/imports/src/AES_128_parallel.vhd" into library xil_defaultlib
INFO: [VRFC 10-307] analyzing entity AES_128_parallel
INFO: [VRFC 10-163] Analyzing VHDL file "/home/sam/vivado/AES_128_AXI_stream/AES_128_AXI_stream.srcs/sources_1/new/axi_stream_wrapper.vhd" into library xil_defaultlib
INFO: [VRFC 10-307] analyzing entity axi_stream_wrapper
ERROR: [VRFC 10-91] nx_state is not declared [/home/sam/vivado/AES_128_AXI_stream/AES_128_AXI_stream.srcs/sources_1/new/axi_stream_wrapper.vhd:149]
ERROR: [VRFC 10-1504] unit behavioral ignored due to previous errors [/home/sam/vivado/AES_128_AXI_stream/AES_128_AXI_stream.srcs/sources_1/new/axi_stream_wrapper.vhd:20]
INFO: [VRFC 10-240] VHDL file /home/sam/vivado/AES_128_AXI_stream/AES_128_AXI_stream.srcs/sources_1/new/axi_stream_wrapper.vhd ignored due to errors
INFO: [VRFC 10-163] Analyzing VHDL file "/home/sam/vivado/AES_128_AXI_stream/AES_128_AXI_stream.srcs/sources_1/new/axi_stream_wrapper.vhd" into library xil_defaultlib
INFO: [VRFC 10-307] analyzing entity axi_stream_wrapper
INFO: [VRFC 10-163] Analyzing VHDL file "/home/sam/vivado/AES_128_AXI_stream/AES_128_AXI_stream.srcs/sources_1/new/axi_stream_wrapper.vhd" into library xil_defaultlib
INFO: [VRFC 10-307] analyzing entity axi_stream_wrapper
INFO: [VRFC 10-163] Analyzing VHDL file "/home/sam/vivado/AES_128_AXI_stream/AES_128_AXI_stream.srcs/sources_1/imports/AES.srcs/sources_1/imports/src/AES_128_parallel.vhd" into library xil_defaultlib
INFO: [VRFC 10-307] analyzing entity AES_128_parallel
INFO: [VRFC 10-163] Analyzing VHDL file "/home/sam/vivado/AES_128_AXI_stream/AES_128_AXI_stream.srcs/sources_1/new/axi_stream_wrapper.vhd" into library xil_defaultlib
INFO: [VRFC 10-307] analyzing entity axi_stream_wrapper
INFO: [VRFC 10-163] Analyzing VHDL file "/home/sam/vivado/AES_128_AXI_stream/AES_128_AXI_stream.srcs/sim_1/new/axi_stream_TB.vhd" into library xil_defaultlib
INFO: [VRFC 10-307] analyzing entity present128_axis_tb
INFO: [VRFC 10-163] Analyzing VHDL file "/home/sam/vivado/AES_128_AXI_stream/AES_128_AXI_stream.srcs/sim_1/new/axi_stream_TB.vhd" into library xil_defaultlib
INFO: [VRFC 10-307] analyzing entity present128_axis_tb
INFO: [VRFC 10-163] Analyzing VHDL file "/home/sam/vivado/AES_128_AXI_stream/AES_128_AXI_stream.srcs/sim_1/new/axi_stream_TB.vhd" into library xil_defaultlib
INFO: [VRFC 10-307] analyzing entity present128_axis_tb
INFO: [VRFC 10-163] Analyzing VHDL file "/home/sam/vivado/AES_128_AXI_stream/AES_128_AXI_stream.srcs/sources_1/new/axi_stream_wrapper.vhd" into library xil_defaultlib
INFO: [VRFC 10-307] analyzing entity axi_stream_wrapper
INFO: [VRFC 10-163] Analyzing VHDL file "/home/sam/vivado/AES_128_AXI_stream/AES_128_AXI_stream.srcs/sources_1/imports/AES.srcs/sources_1/imports/src/AES_128_parallel.vhd" into library xil_defaultlib
INFO: [VRFC 10-307] analyzing entity AES_128_parallel
INFO: [VRFC 10-163] Analyzing VHDL file "/home/sam/vivado/AES_128_AXI_stream/AES_128_AXI_stream.srcs/sim_1/new/axi_stream_TB.vhd" into library xil_defaultlib
INFO: [VRFC 10-307] analyzing entity present128_axis_tb
INFO: [VRFC 10-163] Analyzing VHDL file "/home/sam/vivado/AES_128_AXI_stream/AES_128_AXI_stream.srcs/sources_1/new/axi_stream_wrapper.vhd" into library xil_defaultlib
INFO: [VRFC 10-307] analyzing entity axi_stream_wrapper
INFO: [VRFC 10-163] Analyzing VHDL file "/home/sam/vivado/AES_128_AXI_stream/AES_128_AXI_stream.srcs/sim_1/new/axi_stream_TB.vhd" into library xil_defaultlib
INFO: [VRFC 10-307] analyzing entity present128_axis_tb
INFO: [VRFC 10-163] Analyzing VHDL file "/home/sam/vivado/AES_128_AXI_stream/AES_128_AXI_stream.srcs/sim_1/new/axi_stream_TB.vhd" into library xil_defaultlib
INFO: [VRFC 10-307] analyzing entity present128_axis_tb
INFO: [VRFC 10-163] Analyzing VHDL file "/home/sam/vivado/AES_128_AXI_stream/AES_128_AXI_stream.srcs/sim_1/new/axi_stream_TB.vhd" into library xil_defaultlib
INFO: [VRFC 10-307] analyzing entity present128_axis_tb
INFO: [VRFC 10-163] Analyzing VHDL file "/home/sam/vivado/AES_128_AXI_stream/AES_128_AXI_stream.srcs/sources_1/new/axi_stream_wrapper.vhd" into library xil_defaultlib
INFO: [VRFC 10-307] analyzing entity axi_stream_wrapper
INFO: [VRFC 10-163] Analyzing VHDL file "/home/sam/vivado/AES_128_AXI_stream/AES_128_AXI_stream.srcs/sim_1/new/axi_stream_TB.vhd" into library xil_defaultlib
INFO: [VRFC 10-307] analyzing entity present128_axis_tb
INFO: [VRFC 10-163] Analyzing VHDL file "/home/sam/vivado/AES_128_AXI_stream/AES_128_AXI_stream.srcs/sim_1/new/axi_stream_TB.vhd" into library xil_defaultlib
INFO: [VRFC 10-307] analyzing entity present128_axis_tb
INFO: [VRFC 10-163] Analyzing VHDL file "/home/sam/vivado/AES_128_AXI_stream/AES_128_AXI_stream.srcs/sim_1/new/axi_stream_TB.vhd" into library xil_defaultlib
INFO: [VRFC 10-307] analyzing entity present128_axis_tb
INFO: [VRFC 10-163] Analyzing VHDL file "/home/sam/vivado/AES_128_AXI_stream/AES_128_AXI_stream.srcs/sources_1/new/axi_stream_wrapper.vhd" into library xil_defaultlib
INFO: [VRFC 10-307] analyzing entity axi_stream_wrapper
INFO: [VRFC 10-163] Analyzing VHDL file "/home/sam/vivado/AES_128_AXI_stream/AES_128_AXI_stream.srcs/sources_1/new/axi_stream_wrapper.vhd" into library xil_defaultlib
INFO: [VRFC 10-307] analyzing entity axi_stream_wrapper
INFO: [VRFC 10-163] Analyzing VHDL file "/home/sam/vivado/AES_128_AXI_stream/AES_128_AXI_stream.srcs/sources_1/new/axi_stream_wrapper.vhd" into library xil_defaultlib
INFO: [VRFC 10-307] analyzing entity axi_stream_wrapper
INFO: [VRFC 10-163] Analyzing VHDL file "/home/sam/vivado/AES_128_AXI_stream/AES_128_AXI_stream.srcs/sources_1/new/axi_stream_wrapper.vhd" into library xil_defaultlib
INFO: [VRFC 10-307] analyzing entity axi_stream_wrapper
INFO: [VRFC 10-163] Analyzing VHDL file "/home/sam/vivado/AES_128_AXI_stream/AES_128_AXI_stream.srcs/sources_1/new/axi_stream_wrapper.vhd" into library xil_defaultlib
INFO: [VRFC 10-307] analyzing entity axi_stream_wrapper
INFO: [VRFC 10-163] Analyzing VHDL file "/home/sam/vivado/AES_128_AXI_stream/AES_128_AXI_stream.srcs/sources_1/new/axi_stream_wrapper.vhd" into library xil_defaultlib
INFO: [VRFC 10-307] analyzing entity axi_stream_wrapper
INFO: [VRFC 10-163] Analyzing VHDL file "/home/sam/vivado/AES_128_AXI_stream/AES_128_AXI_stream.srcs/sources_1/new/axi_stream_wrapper.vhd" into library xil_defaultlib
INFO: [VRFC 10-307] analyzing entity axi_stream_wrapper
INFO: [VRFC 10-163] Analyzing VHDL file "/home/sam/Desktop/VIVADO_git_PSI_ciphers/VIVADO-lightweight-crypto-project/AES_AXIS/AES_128_AXIS/AES_128_AXIS.srcs/sources_1/imports/AES.srcs/sources_1/imports/src/AES_128_parallel.vhd" into library xil_defaultlib
INFO: [VRFC 10-307] analyzing entity AES_128_parallel
INFO: [VRFC 10-163] Analyzing VHDL file "/home/sam/Desktop/VIVADO_git_PSI_ciphers/VIVADO-lightweight-crypto-project/AES_AXIS/AES_128_AXIS/AES_128_AXIS.srcs/sources_1/imports/AES.srcs/sources_1/imports/src/AddRoundKey.vhd" into library xil_defaultlib
INFO: [VRFC 10-307] analyzing entity AddRoundKey
INFO: [VRFC 10-163] Analyzing VHDL file "/home/sam/Desktop/VIVADO_git_PSI_ciphers/VIVADO-lightweight-crypto-project/AES_AXIS/AES_128_AXIS/AES_128_AXIS.srcs/sources_1/imports/AES.srcs/sources_1/imports/src/MixColumns.vhd" into library xil_defaultlib
INFO: [VRFC 10-307] analyzing entity MixColumns
INFO: [VRFC 10-163] Analyzing VHDL file "/home/sam/Desktop/VIVADO_git_PSI_ciphers/VIVADO-lightweight-crypto-project/AES_AXIS/AES_128_AXIS/AES_128_AXIS.srcs/sources_1/imports/AES.srcs/sources_1/imports/src/Shiftrows.vhd" into library xil_defaultlib
INFO: [VRFC 10-307] analyzing entity Shiftrows
INFO: [VRFC 10-163] Analyzing VHDL file "/home/sam/Desktop/VIVADO_git_PSI_ciphers/VIVADO-lightweight-crypto-project/AES_AXIS/AES_128_AXIS/AES_128_AXIS.srcs/sources_1/new/axi_stream_wrapper.vhd" into library xil_defaultlib
INFO: [VRFC 10-307] analyzing entity AES_AXIS_top
INFO: [VRFC 10-163] Analyzing VHDL file "/home/sam/Desktop/VIVADO_git_PSI_ciphers/VIVADO-lightweight-crypto-project/AES_AXIS/AES_128_AXIS/AES_128_AXIS.srcs/sources_1/imports/AES.srcs/sources_1/imports/src/cnt.vhd" into library xil_defaultlib
INFO: [VRFC 10-307] analyzing entity CNT
INFO: [VRFC 10-163] Analyzing VHDL file "/home/sam/Desktop/VIVADO_git_PSI_ciphers/VIVADO-lightweight-crypto-project/AES_AXIS/AES_128_AXIS/AES_128_AXIS.srcs/sources_1/imports/AES.srcs/sources_1/imports/src/key_schedule.vhd" into library xil_defaultlib
INFO: [VRFC 10-307] analyzing entity key_schedule
INFO: [VRFC 10-163] Analyzing VHDL file "/home/sam/Desktop/VIVADO_git_PSI_ciphers/VIVADO-lightweight-crypto-project/AES_AXIS/AES_128_AXIS/AES_128_AXIS.srcs/sources_1/imports/AES.srcs/sources_1/imports/src/mixcolumn.vhd" into library xil_defaultlib
INFO: [VRFC 10-307] analyzing entity mixColumn
INFO: [VRFC 10-163] Analyzing VHDL file "/home/sam/Desktop/VIVADO_git_PSI_ciphers/VIVADO-lightweight-crypto-project/AES_AXIS/AES_128_AXIS/AES_128_AXIS.srcs/sources_1/imports/AES.srcs/sources_1/imports/src/mux.vhd" into library xil_defaultlib
INFO: [VRFC 10-307] analyzing entity MUX
INFO: [VRFC 10-163] Analyzing VHDL file "/home/sam/Desktop/VIVADO_git_PSI_ciphers/VIVADO-lightweight-crypto-project/AES_AXIS/AES_128_AXIS/AES_128_AXIS.srcs/sources_1/imports/AES.srcs/sources_1/imports/src/reg.vhd" into library xil_defaultlib
INFO: [VRFC 10-307] analyzing entity reg
INFO: [VRFC 10-163] Analyzing VHDL file "/home/sam/Desktop/VIVADO_git_PSI_ciphers/VIVADO-lightweight-crypto-project/AES_AXIS/AES_128_AXIS/AES_128_AXIS.srcs/sources_1/imports/AES.srcs/sources_1/imports/src/sbox.vhd" into library xil_defaultlib
INFO: [VRFC 10-307] analyzing entity sbox
INFO: [VRFC 10-163] Analyzing VHDL file "/home/sam/Desktop/VIVADO_git_PSI_ciphers/VIVADO-lightweight-crypto-project/AES_AXIS/AES_128_AXIS/AES_128_AXIS.srcs/sources_1/imports/AES.srcs/sources_1/imports/src/subBytes.vhd" into library xil_defaultlib
INFO: [VRFC 10-307] analyzing entity subBytes
INFO: [VRFC 10-163] Analyzing VHDL file "/home/sam/Desktop/VIVADO_git_PSI_ciphers/VIVADO-lightweight-crypto-project/AES_AXIS/AES_128_AXIS/AES_128_AXIS.srcs/sim_1/new/axi_stream_TB.vhd" into library xil_defaultlib
INFO: [VRFC 10-307] analyzing entity AES128_axis_tb
INFO: [VRFC 10-163] Analyzing VHDL file "/home/sam/Desktop/VIVADO_git_PSI_ciphers/VIVADO-lightweight-crypto-project/AES_AXIS/AES_128_AXIS/AES_128_AXIS.srcs/sources_1/imports/AES.srcs/sources_1/imports/src/AES_128_parallel.vhd" into library xil_defaultlib
INFO: [VRFC 10-307] analyzing entity AES_128_parallel
INFO: [VRFC 10-163] Analyzing VHDL file "/home/sam/Desktop/VIVADO_git_PSI_ciphers/VIVADO-lightweight-crypto-project/AES_AXIS/AES_128_AXIS/AES_128_AXIS.srcs/sources_1/new/axi_stream_wrapper.vhd" into library xil_defaultlib
INFO: [VRFC 10-307] analyzing entity AES_AXIS_top
INFO: [VRFC 10-163] Analyzing VHDL file "/home/sam/Desktop/VIVADO_git_PSI_ciphers/VIVADO-lightweight-crypto-project/AES_AXIS/AES_128_AXIS/AES_128_AXIS.srcs/sim_1/new/axi_stream_TB.vhd" into library xil_defaultlib
INFO: [VRFC 10-307] analyzing entity AES128_axis_tb
INFO: [VRFC 10-163] Analyzing VHDL file "/home/sam/Desktop/VIVADO_git_PSI_ciphers/VIVADO-lightweight-crypto-project/AES_AXIS/AES_128_AXIS/AES_128_AXIS.srcs/sources_1/new/aes_axis_top.vhd" into library xil_defaultlib
INFO: [VRFC 10-307] analyzing entity AES_AXIS_top
INFO: [VRFC 10-163] Analyzing VHDL file "/home/sam/Desktop/VIVADO_git_PSI_ciphers/VIVADO-lightweight-crypto-project/AES_AXIS/AES_128_AXIS/AES_128_AXIS.srcs/sources_1/new/aes_axis_top.vhd" into library xil_defaultlib
INFO: [VRFC 10-307] analyzing entity AES_AXIS_top
