
*** Running vivado
    with args -log Testing_IP.vds -m64 -product Vivado -mode batch -messageDb vivado.pb -notrace -source Testing_IP.tcl


****** Vivado v2018.1 (64-bit)
  **** SW Build 2188600 on Wed Apr  4 18:39:19 MDT 2018
  **** IP Build 2185939 on Wed Apr  4 20:55:05 MDT 2018
    ** Copyright 1986-2018 Xilinx, Inc. All Rights Reserved.

source Testing_IP.tcl -notrace
Command: synth_design -top Testing_IP -part xc7z010clg400-1
Starting synth_design
Attempting to get a license for feature 'Synthesis' and/or device 'xc7z010'
INFO: [Common 17-349] Got license for feature 'Synthesis' and/or device 'xc7z010'
INFO: Launching helper process for spawning children vivado processes
INFO: Helper process launched with PID 25522 
---------------------------------------------------------------------------------
Starting RTL Elaboration : Time (s): cpu = 00:00:07 ; elapsed = 00:00:07 . Memory (MB): peak = 1310.172 ; gain = 84.891 ; free physical = 6904 ; free virtual = 17971
---------------------------------------------------------------------------------
INFO: [Synth 8-638] synthesizing module 'Testing_IP' [/home/sam/Desktop/VIVADO_git_PSI_ciphers/VIVADO-lightweight-crypto-project/Skinny/Skinny_128_128_parallel/Skinny_128_128_parallel.srcs/sources_1/imports/sources_1/new/Testing_IP.vhd:22]
INFO: [Synth 8-3491] module 'SKINNY_128_128_parallel' declared at '/home/sam/Desktop/VIVADO_git_PSI_ciphers/VIVADO-lightweight-crypto-project/Skinny/Skinny_128_128_parallel/Skinny_128_128_parallel.srcs/sources_1/imports/sources_1/imports/new/SKINNY_128_128_parallel.vhd:11' bound to instance 'SKINNY_128_DUT' of component 'SKINNY_128_128_parallel' [/home/sam/Desktop/VIVADO_git_PSI_ciphers/VIVADO-lightweight-crypto-project/Skinny/Skinny_128_128_parallel/Skinny_128_128_parallel.srcs/sources_1/imports/sources_1/new/Testing_IP.vhd:52]
INFO: [Synth 8-638] synthesizing module 'SKINNY_128_128_parallel' [/home/sam/Desktop/VIVADO_git_PSI_ciphers/VIVADO-lightweight-crypto-project/Skinny/Skinny_128_128_parallel/Skinny_128_128_parallel.srcs/sources_1/imports/sources_1/imports/new/SKINNY_128_128_parallel.vhd:22]
INFO: [Synth 8-3491] module 'MUX' declared at '/home/sam/Desktop/VIVADO_git_PSI_ciphers/VIVADO-lightweight-crypto-project/Skinny/Skinny_128_128_parallel/Skinny_128_128_parallel.srcs/sources_1/imports/sources_1/imports/new/mux.vhd:4' bound to instance 'INST_OUTPUT_MUX' of component 'mux' [/home/sam/Desktop/VIVADO_git_PSI_ciphers/VIVADO-lightweight-crypto-project/Skinny/Skinny_128_128_parallel/Skinny_128_128_parallel.srcs/sources_1/imports/sources_1/imports/new/SKINNY_128_128_parallel.vhd:140]
INFO: [Synth 8-638] synthesizing module 'MUX' [/home/sam/Desktop/VIVADO_git_PSI_ciphers/VIVADO-lightweight-crypto-project/Skinny/Skinny_128_128_parallel/Skinny_128_128_parallel.srcs/sources_1/imports/sources_1/imports/new/mux.vhd:13]
INFO: [Synth 8-226] default block is never used [/home/sam/Desktop/VIVADO_git_PSI_ciphers/VIVADO-lightweight-crypto-project/Skinny/Skinny_128_128_parallel/Skinny_128_128_parallel.srcs/sources_1/imports/sources_1/imports/new/mux.vhd:18]
INFO: [Synth 8-256] done synthesizing module 'MUX' (1#1) [/home/sam/Desktop/VIVADO_git_PSI_ciphers/VIVADO-lightweight-crypto-project/Skinny/Skinny_128_128_parallel/Skinny_128_128_parallel.srcs/sources_1/imports/sources_1/imports/new/mux.vhd:13]
INFO: [Synth 8-3491] module 'MUX' declared at '/home/sam/Desktop/VIVADO_git_PSI_ciphers/VIVADO-lightweight-crypto-project/Skinny/Skinny_128_128_parallel/Skinny_128_128_parallel.srcs/sources_1/imports/sources_1/imports/new/mux.vhd:4' bound to instance 'INST_IS_MUX_IN' of component 'mux' [/home/sam/Desktop/VIVADO_git_PSI_ciphers/VIVADO-lightweight-crypto-project/Skinny/Skinny_128_128_parallel/Skinny_128_128_parallel.srcs/sources_1/imports/sources_1/imports/new/SKINNY_128_128_parallel.vhd:149]
INFO: [Synth 8-3491] module 'MUX' declared at '/home/sam/Desktop/VIVADO_git_PSI_ciphers/VIVADO-lightweight-crypto-project/Skinny/Skinny_128_128_parallel/Skinny_128_128_parallel.srcs/sources_1/imports/sources_1/imports/new/mux.vhd:4' bound to instance 'INST_TW_REG_MUX_IN' of component 'mux' [/home/sam/Desktop/VIVADO_git_PSI_ciphers/VIVADO-lightweight-crypto-project/Skinny/Skinny_128_128_parallel/Skinny_128_128_parallel.srcs/sources_1/imports/sources_1/imports/new/SKINNY_128_128_parallel.vhd:158]
INFO: [Synth 8-3491] module 'reg' declared at '/home/sam/Desktop/VIVADO_git_PSI_ciphers/VIVADO-lightweight-crypto-project/Skinny/Skinny_128_128_parallel/Skinny_128_128_parallel.srcs/sources_1/imports/sources_1/imports/new/reg.vhd:3' bound to instance 'INST_IS_REG' of component 'REG' [/home/sam/Desktop/VIVADO_git_PSI_ciphers/VIVADO-lightweight-crypto-project/Skinny/Skinny_128_128_parallel/Skinny_128_128_parallel.srcs/sources_1/imports/sources_1/imports/new/SKINNY_128_128_parallel.vhd:168]
INFO: [Synth 8-638] synthesizing module '\reg ' [/home/sam/Desktop/VIVADO_git_PSI_ciphers/VIVADO-lightweight-crypto-project/Skinny/Skinny_128_128_parallel/Skinny_128_128_parallel.srcs/sources_1/imports/sources_1/imports/new/reg.vhd:12]
INFO: [Synth 8-256] done synthesizing module '\reg ' (2#1) [/home/sam/Desktop/VIVADO_git_PSI_ciphers/VIVADO-lightweight-crypto-project/Skinny/Skinny_128_128_parallel/Skinny_128_128_parallel.srcs/sources_1/imports/sources_1/imports/new/reg.vhd:12]
INFO: [Synth 8-3491] module 'SubCells_128' declared at '/home/sam/Desktop/VIVADO_git_PSI_ciphers/VIVADO-lightweight-crypto-project/Skinny/Skinny_128_128_parallel/Skinny_128_128_parallel.srcs/sources_1/imports/sources_1/imports/new/SubCells_128.vhd:6' bound to instance 'INST_SUBCELLS' of component 'SubCells_128' [/home/sam/Desktop/VIVADO_git_PSI_ciphers/VIVADO-lightweight-crypto-project/Skinny/Skinny_128_128_parallel/Skinny_128_128_parallel.srcs/sources_1/imports/sources_1/imports/new/SKINNY_128_128_parallel.vhd:176]
INFO: [Synth 8-638] synthesizing module 'SubCells_128' [/home/sam/Desktop/VIVADO_git_PSI_ciphers/VIVADO-lightweight-crypto-project/Skinny/Skinny_128_128_parallel/Skinny_128_128_parallel.srcs/sources_1/imports/sources_1/imports/new/SubCells_128.vhd:15]
INFO: [Synth 8-3491] module 'SBOX_8bit' declared at '/home/sam/Desktop/VIVADO_git_PSI_ciphers/VIVADO-lightweight-crypto-project/Skinny/Skinny_128_128_parallel/Skinny_128_128_parallel.srcs/sources_1/imports/sources_1/imports/new/SBOX_8bit.vhd:4' bound to instance 'subcells' of component 'SBOX_8bit' [/home/sam/Desktop/VIVADO_git_PSI_ciphers/VIVADO-lightweight-crypto-project/Skinny/Skinny_128_128_parallel/Skinny_128_128_parallel.srcs/sources_1/imports/sources_1/imports/new/SubCells_128.vhd:32]
INFO: [Synth 8-638] synthesizing module 'SBOX_8bit' [/home/sam/Desktop/VIVADO_git_PSI_ciphers/VIVADO-lightweight-crypto-project/Skinny/Skinny_128_128_parallel/Skinny_128_128_parallel.srcs/sources_1/imports/sources_1/imports/new/SBOX_8bit.vhd:13]
INFO: [Synth 8-256] done synthesizing module 'SBOX_8bit' (3#1) [/home/sam/Desktop/VIVADO_git_PSI_ciphers/VIVADO-lightweight-crypto-project/Skinny/Skinny_128_128_parallel/Skinny_128_128_parallel.srcs/sources_1/imports/sources_1/imports/new/SBOX_8bit.vhd:13]
INFO: [Synth 8-3491] module 'SBOX_8bit' declared at '/home/sam/Desktop/VIVADO_git_PSI_ciphers/VIVADO-lightweight-crypto-project/Skinny/Skinny_128_128_parallel/Skinny_128_128_parallel.srcs/sources_1/imports/sources_1/imports/new/SBOX_8bit.vhd:4' bound to instance 'subcells' of component 'SBOX_8bit' [/home/sam/Desktop/VIVADO_git_PSI_ciphers/VIVADO-lightweight-crypto-project/Skinny/Skinny_128_128_parallel/Skinny_128_128_parallel.srcs/sources_1/imports/sources_1/imports/new/SubCells_128.vhd:32]
INFO: [Synth 8-3491] module 'SBOX_8bit' declared at '/home/sam/Desktop/VIVADO_git_PSI_ciphers/VIVADO-lightweight-crypto-project/Skinny/Skinny_128_128_parallel/Skinny_128_128_parallel.srcs/sources_1/imports/sources_1/imports/new/SBOX_8bit.vhd:4' bound to instance 'subcells' of component 'SBOX_8bit' [/home/sam/Desktop/VIVADO_git_PSI_ciphers/VIVADO-lightweight-crypto-project/Skinny/Skinny_128_128_parallel/Skinny_128_128_parallel.srcs/sources_1/imports/sources_1/imports/new/SubCells_128.vhd:32]
INFO: [Synth 8-3491] module 'SBOX_8bit' declared at '/home/sam/Desktop/VIVADO_git_PSI_ciphers/VIVADO-lightweight-crypto-project/Skinny/Skinny_128_128_parallel/Skinny_128_128_parallel.srcs/sources_1/imports/sources_1/imports/new/SBOX_8bit.vhd:4' bound to instance 'subcells' of component 'SBOX_8bit' [/home/sam/Desktop/VIVADO_git_PSI_ciphers/VIVADO-lightweight-crypto-project/Skinny/Skinny_128_128_parallel/Skinny_128_128_parallel.srcs/sources_1/imports/sources_1/imports/new/SubCells_128.vhd:32]
INFO: [Synth 8-3491] module 'SBOX_8bit' declared at '/home/sam/Desktop/VIVADO_git_PSI_ciphers/VIVADO-lightweight-crypto-project/Skinny/Skinny_128_128_parallel/Skinny_128_128_parallel.srcs/sources_1/imports/sources_1/imports/new/SBOX_8bit.vhd:4' bound to instance 'subcells' of component 'SBOX_8bit' [/home/sam/Desktop/VIVADO_git_PSI_ciphers/VIVADO-lightweight-crypto-project/Skinny/Skinny_128_128_parallel/Skinny_128_128_parallel.srcs/sources_1/imports/sources_1/imports/new/SubCells_128.vhd:32]
INFO: [Synth 8-3491] module 'SBOX_8bit' declared at '/home/sam/Desktop/VIVADO_git_PSI_ciphers/VIVADO-lightweight-crypto-project/Skinny/Skinny_128_128_parallel/Skinny_128_128_parallel.srcs/sources_1/imports/sources_1/imports/new/SBOX_8bit.vhd:4' bound to instance 'subcells' of component 'SBOX_8bit' [/home/sam/Desktop/VIVADO_git_PSI_ciphers/VIVADO-lightweight-crypto-project/Skinny/Skinny_128_128_parallel/Skinny_128_128_parallel.srcs/sources_1/imports/sources_1/imports/new/SubCells_128.vhd:32]
INFO: [Synth 8-3491] module 'SBOX_8bit' declared at '/home/sam/Desktop/VIVADO_git_PSI_ciphers/VIVADO-lightweight-crypto-project/Skinny/Skinny_128_128_parallel/Skinny_128_128_parallel.srcs/sources_1/imports/sources_1/imports/new/SBOX_8bit.vhd:4' bound to instance 'subcells' of component 'SBOX_8bit' [/home/sam/Desktop/VIVADO_git_PSI_ciphers/VIVADO-lightweight-crypto-project/Skinny/Skinny_128_128_parallel/Skinny_128_128_parallel.srcs/sources_1/imports/sources_1/imports/new/SubCells_128.vhd:32]
INFO: [Synth 8-3491] module 'SBOX_8bit' declared at '/home/sam/Desktop/VIVADO_git_PSI_ciphers/VIVADO-lightweight-crypto-project/Skinny/Skinny_128_128_parallel/Skinny_128_128_parallel.srcs/sources_1/imports/sources_1/imports/new/SBOX_8bit.vhd:4' bound to instance 'subcells' of component 'SBOX_8bit' [/home/sam/Desktop/VIVADO_git_PSI_ciphers/VIVADO-lightweight-crypto-project/Skinny/Skinny_128_128_parallel/Skinny_128_128_parallel.srcs/sources_1/imports/sources_1/imports/new/SubCells_128.vhd:32]
INFO: [Synth 8-3491] module 'SBOX_8bit' declared at '/home/sam/Desktop/VIVADO_git_PSI_ciphers/VIVADO-lightweight-crypto-project/Skinny/Skinny_128_128_parallel/Skinny_128_128_parallel.srcs/sources_1/imports/sources_1/imports/new/SBOX_8bit.vhd:4' bound to instance 'subcells' of component 'SBOX_8bit' [/home/sam/Desktop/VIVADO_git_PSI_ciphers/VIVADO-lightweight-crypto-project/Skinny/Skinny_128_128_parallel/Skinny_128_128_parallel.srcs/sources_1/imports/sources_1/imports/new/SubCells_128.vhd:32]
INFO: [Synth 8-3491] module 'SBOX_8bit' declared at '/home/sam/Desktop/VIVADO_git_PSI_ciphers/VIVADO-lightweight-crypto-project/Skinny/Skinny_128_128_parallel/Skinny_128_128_parallel.srcs/sources_1/imports/sources_1/imports/new/SBOX_8bit.vhd:4' bound to instance 'subcells' of component 'SBOX_8bit' [/home/sam/Desktop/VIVADO_git_PSI_ciphers/VIVADO-lightweight-crypto-project/Skinny/Skinny_128_128_parallel/Skinny_128_128_parallel.srcs/sources_1/imports/sources_1/imports/new/SubCells_128.vhd:32]
INFO: [Synth 8-3491] module 'SBOX_8bit' declared at '/home/sam/Desktop/VIVADO_git_PSI_ciphers/VIVADO-lightweight-crypto-project/Skinny/Skinny_128_128_parallel/Skinny_128_128_parallel.srcs/sources_1/imports/sources_1/imports/new/SBOX_8bit.vhd:4' bound to instance 'subcells' of component 'SBOX_8bit' [/home/sam/Desktop/VIVADO_git_PSI_ciphers/VIVADO-lightweight-crypto-project/Skinny/Skinny_128_128_parallel/Skinny_128_128_parallel.srcs/sources_1/imports/sources_1/imports/new/SubCells_128.vhd:32]
INFO: [Synth 8-3491] module 'SBOX_8bit' declared at '/home/sam/Desktop/VIVADO_git_PSI_ciphers/VIVADO-lightweight-crypto-project/Skinny/Skinny_128_128_parallel/Skinny_128_128_parallel.srcs/sources_1/imports/sources_1/imports/new/SBOX_8bit.vhd:4' bound to instance 'subcells' of component 'SBOX_8bit' [/home/sam/Desktop/VIVADO_git_PSI_ciphers/VIVADO-lightweight-crypto-project/Skinny/Skinny_128_128_parallel/Skinny_128_128_parallel.srcs/sources_1/imports/sources_1/imports/new/SubCells_128.vhd:32]
INFO: [Synth 8-3491] module 'SBOX_8bit' declared at '/home/sam/Desktop/VIVADO_git_PSI_ciphers/VIVADO-lightweight-crypto-project/Skinny/Skinny_128_128_parallel/Skinny_128_128_parallel.srcs/sources_1/imports/sources_1/imports/new/SBOX_8bit.vhd:4' bound to instance 'subcells' of component 'SBOX_8bit' [/home/sam/Desktop/VIVADO_git_PSI_ciphers/VIVADO-lightweight-crypto-project/Skinny/Skinny_128_128_parallel/Skinny_128_128_parallel.srcs/sources_1/imports/sources_1/imports/new/SubCells_128.vhd:32]
INFO: [Synth 8-3491] module 'SBOX_8bit' declared at '/home/sam/Desktop/VIVADO_git_PSI_ciphers/VIVADO-lightweight-crypto-project/Skinny/Skinny_128_128_parallel/Skinny_128_128_parallel.srcs/sources_1/imports/sources_1/imports/new/SBOX_8bit.vhd:4' bound to instance 'subcells' of component 'SBOX_8bit' [/home/sam/Desktop/VIVADO_git_PSI_ciphers/VIVADO-lightweight-crypto-project/Skinny/Skinny_128_128_parallel/Skinny_128_128_parallel.srcs/sources_1/imports/sources_1/imports/new/SubCells_128.vhd:32]
INFO: [Synth 8-3491] module 'SBOX_8bit' declared at '/home/sam/Desktop/VIVADO_git_PSI_ciphers/VIVADO-lightweight-crypto-project/Skinny/Skinny_128_128_parallel/Skinny_128_128_parallel.srcs/sources_1/imports/sources_1/imports/new/SBOX_8bit.vhd:4' bound to instance 'subcells' of component 'SBOX_8bit' [/home/sam/Desktop/VIVADO_git_PSI_ciphers/VIVADO-lightweight-crypto-project/Skinny/Skinny_128_128_parallel/Skinny_128_128_parallel.srcs/sources_1/imports/sources_1/imports/new/SubCells_128.vhd:32]
INFO: [Synth 8-3491] module 'SBOX_8bit' declared at '/home/sam/Desktop/VIVADO_git_PSI_ciphers/VIVADO-lightweight-crypto-project/Skinny/Skinny_128_128_parallel/Skinny_128_128_parallel.srcs/sources_1/imports/sources_1/imports/new/SBOX_8bit.vhd:4' bound to instance 'subcells' of component 'SBOX_8bit' [/home/sam/Desktop/VIVADO_git_PSI_ciphers/VIVADO-lightweight-crypto-project/Skinny/Skinny_128_128_parallel/Skinny_128_128_parallel.srcs/sources_1/imports/sources_1/imports/new/SubCells_128.vhd:32]
INFO: [Synth 8-256] done synthesizing module 'SubCells_128' (4#1) [/home/sam/Desktop/VIVADO_git_PSI_ciphers/VIVADO-lightweight-crypto-project/Skinny/Skinny_128_128_parallel/Skinny_128_128_parallel.srcs/sources_1/imports/sources_1/imports/new/SubCells_128.vhd:15]
INFO: [Synth 8-3491] module 'AddRoundConstants' declared at '/home/sam/Desktop/VIVADO_git_PSI_ciphers/VIVADO-lightweight-crypto-project/Skinny/Skinny_128_128_parallel/Skinny_128_128_parallel.srcs/sources_1/imports/sources_1/imports/new/AddRoundConstants.vhd:4' bound to instance 'INST_AddRoundConstants' of component 'addRoundConstants' [/home/sam/Desktop/VIVADO_git_PSI_ciphers/VIVADO-lightweight-crypto-project/Skinny/Skinny_128_128_parallel/Skinny_128_128_parallel.srcs/sources_1/imports/sources_1/imports/new/SKINNY_128_128_parallel.vhd:182]
INFO: [Synth 8-638] synthesizing module 'AddRoundConstants' [/home/sam/Desktop/VIVADO_git_PSI_ciphers/VIVADO-lightweight-crypto-project/Skinny/Skinny_128_128_parallel/Skinny_128_128_parallel.srcs/sources_1/imports/sources_1/imports/new/AddRoundConstants.vhd:13]
INFO: [Synth 8-256] done synthesizing module 'AddRoundConstants' (5#1) [/home/sam/Desktop/VIVADO_git_PSI_ciphers/VIVADO-lightweight-crypto-project/Skinny/Skinny_128_128_parallel/Skinny_128_128_parallel.srcs/sources_1/imports/sources_1/imports/new/AddRoundConstants.vhd:13]
INFO: [Synth 8-3491] module 'AddRoundTweakey' declared at '/home/sam/Desktop/VIVADO_git_PSI_ciphers/VIVADO-lightweight-crypto-project/Skinny/Skinny_128_128_parallel/Skinny_128_128_parallel.srcs/sources_1/imports/sources_1/imports/new/AddRoundTweakey.vhd:7' bound to instance 'INST_ADDROUNDTWEAKEY' of component 'AddRoundTweakey' [/home/sam/Desktop/VIVADO_git_PSI_ciphers/VIVADO-lightweight-crypto-project/Skinny/Skinny_128_128_parallel/Skinny_128_128_parallel.srcs/sources_1/imports/sources_1/imports/new/SKINNY_128_128_parallel.vhd:189]
INFO: [Synth 8-638] synthesizing module 'AddRoundTweakey' [/home/sam/Desktop/VIVADO_git_PSI_ciphers/VIVADO-lightweight-crypto-project/Skinny/Skinny_128_128_parallel/Skinny_128_128_parallel.srcs/sources_1/imports/sources_1/imports/new/AddRoundTweakey.vhd:15]
INFO: [Synth 8-256] done synthesizing module 'AddRoundTweakey' (6#1) [/home/sam/Desktop/VIVADO_git_PSI_ciphers/VIVADO-lightweight-crypto-project/Skinny/Skinny_128_128_parallel/Skinny_128_128_parallel.srcs/sources_1/imports/sources_1/imports/new/AddRoundTweakey.vhd:15]
INFO: [Synth 8-3491] module 'ShiftRows' declared at '/home/sam/Desktop/VIVADO_git_PSI_ciphers/VIVADO-lightweight-crypto-project/Skinny/Skinny_128_128_parallel/Skinny_128_128_parallel.srcs/sources_1/imports/sources_1/imports/new/ShiftRows.vhd:6' bound to instance 'INST_ShiftRows' of component 'ShiftRows' [/home/sam/Desktop/VIVADO_git_PSI_ciphers/VIVADO-lightweight-crypto-project/Skinny/Skinny_128_128_parallel/Skinny_128_128_parallel.srcs/sources_1/imports/sources_1/imports/new/SKINNY_128_128_parallel.vhd:196]
INFO: [Synth 8-638] synthesizing module 'ShiftRows' [/home/sam/Desktop/VIVADO_git_PSI_ciphers/VIVADO-lightweight-crypto-project/Skinny/Skinny_128_128_parallel/Skinny_128_128_parallel.srcs/sources_1/imports/sources_1/imports/new/ShiftRows.vhd:13]
INFO: [Synth 8-256] done synthesizing module 'ShiftRows' (7#1) [/home/sam/Desktop/VIVADO_git_PSI_ciphers/VIVADO-lightweight-crypto-project/Skinny/Skinny_128_128_parallel/Skinny_128_128_parallel.srcs/sources_1/imports/sources_1/imports/new/ShiftRows.vhd:13]
INFO: [Synth 8-3491] module 'MixColumns' declared at '/home/sam/Desktop/VIVADO_git_PSI_ciphers/VIVADO-lightweight-crypto-project/Skinny/Skinny_128_128_parallel/Skinny_128_128_parallel.srcs/sources_1/imports/sources_1/imports/new/MixColumns.vhd:4' bound to instance 'INST_MixColumns' of component 'MixColumns' [/home/sam/Desktop/VIVADO_git_PSI_ciphers/VIVADO-lightweight-crypto-project/Skinny/Skinny_128_128_parallel/Skinny_128_128_parallel.srcs/sources_1/imports/sources_1/imports/new/SKINNY_128_128_parallel.vhd:202]
INFO: [Synth 8-638] synthesizing module 'MixColumns' [/home/sam/Desktop/VIVADO_git_PSI_ciphers/VIVADO-lightweight-crypto-project/Skinny/Skinny_128_128_parallel/Skinny_128_128_parallel.srcs/sources_1/imports/sources_1/imports/new/MixColumns.vhd:10]
INFO: [Synth 8-256] done synthesizing module 'MixColumns' (8#1) [/home/sam/Desktop/VIVADO_git_PSI_ciphers/VIVADO-lightweight-crypto-project/Skinny/Skinny_128_128_parallel/Skinny_128_128_parallel.srcs/sources_1/imports/sources_1/imports/new/MixColumns.vhd:10]
INFO: [Synth 8-3491] module 'reg' declared at '/home/sam/Desktop/VIVADO_git_PSI_ciphers/VIVADO-lightweight-crypto-project/Skinny/Skinny_128_128_parallel/Skinny_128_128_parallel.srcs/sources_1/imports/sources_1/imports/new/reg.vhd:3' bound to instance 'INST_TW_REG' of component 'REG' [/home/sam/Desktop/VIVADO_git_PSI_ciphers/VIVADO-lightweight-crypto-project/Skinny/Skinny_128_128_parallel/Skinny_128_128_parallel.srcs/sources_1/imports/sources_1/imports/new/SKINNY_128_128_parallel.vhd:209]
INFO: [Synth 8-3491] module 'tw_schedule' declared at '/home/sam/Desktop/VIVADO_git_PSI_ciphers/VIVADO-lightweight-crypto-project/Skinny/Skinny_128_128_parallel/Skinny_128_128_parallel.srcs/sources_1/imports/sources_1/imports/new/tw_schedule.vhd:5' bound to instance 'INST_KEY_SCHEDULE' of component 'tw_schedule' [/home/sam/Desktop/VIVADO_git_PSI_ciphers/VIVADO-lightweight-crypto-project/Skinny/Skinny_128_128_parallel/Skinny_128_128_parallel.srcs/sources_1/imports/sources_1/imports/new/SKINNY_128_128_parallel.vhd:217]
INFO: [Synth 8-638] synthesizing module 'tw_schedule' [/home/sam/Desktop/VIVADO_git_PSI_ciphers/VIVADO-lightweight-crypto-project/Skinny/Skinny_128_128_parallel/Skinny_128_128_parallel.srcs/sources_1/imports/sources_1/imports/new/tw_schedule.vhd:11]
INFO: [Synth 8-256] done synthesizing module 'tw_schedule' (9#1) [/home/sam/Desktop/VIVADO_git_PSI_ciphers/VIVADO-lightweight-crypto-project/Skinny/Skinny_128_128_parallel/Skinny_128_128_parallel.srcs/sources_1/imports/sources_1/imports/new/tw_schedule.vhd:11]
INFO: [Synth 8-3491] module 'lfsr' declared at '/home/sam/Desktop/VIVADO_git_PSI_ciphers/VIVADO-lightweight-crypto-project/Skinny/Skinny_128_128_parallel/Skinny_128_128_parallel.srcs/sources_1/imports/sources_1/imports/new/lfsr.vhd:6' bound to instance 'INST_LFSR' of component 'LFSR' [/home/sam/Desktop/VIVADO_git_PSI_ciphers/VIVADO-lightweight-crypto-project/Skinny/Skinny_128_128_parallel/Skinny_128_128_parallel.srcs/sources_1/imports/sources_1/imports/new/SKINNY_128_128_parallel.vhd:224]
INFO: [Synth 8-638] synthesizing module 'lfsr' [/home/sam/Desktop/VIVADO_git_PSI_ciphers/VIVADO-lightweight-crypto-project/Skinny/Skinny_128_128_parallel/Skinny_128_128_parallel.srcs/sources_1/imports/sources_1/imports/new/lfsr.vhd:13]
WARNING: [Synth 8-6014] Unused sequential element feedback_reg was removed.  [/home/sam/Desktop/VIVADO_git_PSI_ciphers/VIVADO-lightweight-crypto-project/Skinny/Skinny_128_128_parallel/Skinny_128_128_parallel.srcs/sources_1/imports/sources_1/imports/new/lfsr.vhd:27]
INFO: [Synth 8-256] done synthesizing module 'lfsr' (10#1) [/home/sam/Desktop/VIVADO_git_PSI_ciphers/VIVADO-lightweight-crypto-project/Skinny/Skinny_128_128_parallel/Skinny_128_128_parallel.srcs/sources_1/imports/sources_1/imports/new/lfsr.vhd:13]
INFO: [Synth 8-256] done synthesizing module 'SKINNY_128_128_parallel' (11#1) [/home/sam/Desktop/VIVADO_git_PSI_ciphers/VIVADO-lightweight-crypto-project/Skinny/Skinny_128_128_parallel/Skinny_128_128_parallel.srcs/sources_1/imports/sources_1/imports/new/SKINNY_128_128_parallel.vhd:22]
INFO: [Synth 8-256] done synthesizing module 'Testing_IP' (12#1) [/home/sam/Desktop/VIVADO_git_PSI_ciphers/VIVADO-lightweight-crypto-project/Skinny/Skinny_128_128_parallel/Skinny_128_128_parallel.srcs/sources_1/imports/sources_1/new/Testing_IP.vhd:22]
---------------------------------------------------------------------------------
Finished RTL Elaboration : Time (s): cpu = 00:00:08 ; elapsed = 00:00:08 . Memory (MB): peak = 1356.781 ; gain = 131.500 ; free physical = 6913 ; free virtual = 17979
---------------------------------------------------------------------------------

Report Check Netlist: 
+------+------------------+-------+---------+-------+------------------+
|      |Item              |Errors |Warnings |Status |Description       |
+------+------------------+-------+---------+-------+------------------+
|1     |multi_driven_nets |      0|        0|Passed |Multi driven nets |
+------+------------------+-------+---------+-------+------------------+
---------------------------------------------------------------------------------
Start Handling Custom Attributes
---------------------------------------------------------------------------------
---------------------------------------------------------------------------------
Finished Handling Custom Attributes : Time (s): cpu = 00:00:08 ; elapsed = 00:00:09 . Memory (MB): peak = 1356.781 ; gain = 131.500 ; free physical = 6913 ; free virtual = 17980
---------------------------------------------------------------------------------
---------------------------------------------------------------------------------
Finished RTL Optimization Phase 1 : Time (s): cpu = 00:00:08 ; elapsed = 00:00:09 . Memory (MB): peak = 1356.781 ; gain = 131.500 ; free physical = 6913 ; free virtual = 17980
---------------------------------------------------------------------------------
INFO: [Device 21-403] Loading part xc7z010clg400-1
INFO: [Project 1-570] Preparing netlist for logic optimization

Processing XDC Constraints
Initializing timing engine
Parsing XDC File [/home/sam/Desktop/VIVADO_git_PSI_ciphers/VIVADO-lightweight-crypto-project/Skinny/Skinny_128_128_parallel/Skinny_128_128_parallel.srcs/constrs_1/imports/Desktop/ZYBO_Master.xdc]
Finished Parsing XDC File [/home/sam/Desktop/VIVADO_git_PSI_ciphers/VIVADO-lightweight-crypto-project/Skinny/Skinny_128_128_parallel/Skinny_128_128_parallel.srcs/constrs_1/imports/Desktop/ZYBO_Master.xdc]
INFO: [Project 1-236] Implementation specific constraints were found while reading constraint file [/home/sam/Desktop/VIVADO_git_PSI_ciphers/VIVADO-lightweight-crypto-project/Skinny/Skinny_128_128_parallel/Skinny_128_128_parallel.srcs/constrs_1/imports/Desktop/ZYBO_Master.xdc]. These constraints will be ignored for synthesis but will be used in implementation. Impacted constraints are listed in the file [.Xil/Testing_IP_propImpl.xdc].
Resolution: To avoid this warning, move constraints listed in [.Xil/Testing_IP_propImpl.xdc] to another XDC file and exclude this new file from synthesis with the used_in_synthesis property (File Properties dialog in GUI) and re-run elaboration/synthesis.
Completed Processing XDC Constraints

INFO: [Project 1-111] Unisim Transformation Summary:
No Unisim elements were transformed.

Constraint Validation Runtime : Time (s): cpu = 00:00:00 ; elapsed = 00:00:00 . Memory (MB): peak = 1717.352 ; gain = 0.000 ; free physical = 6654 ; free virtual = 17726
---------------------------------------------------------------------------------
Finished Constraint Validation : Time (s): cpu = 00:00:23 ; elapsed = 00:00:36 . Memory (MB): peak = 1717.352 ; gain = 492.070 ; free physical = 6732 ; free virtual = 17804
---------------------------------------------------------------------------------
---------------------------------------------------------------------------------
Start Loading Part and Timing Information
---------------------------------------------------------------------------------
Loading part: xc7z010clg400-1
---------------------------------------------------------------------------------
Finished Loading Part and Timing Information : Time (s): cpu = 00:00:23 ; elapsed = 00:00:36 . Memory (MB): peak = 1717.352 ; gain = 492.070 ; free physical = 6732 ; free virtual = 17804
---------------------------------------------------------------------------------
---------------------------------------------------------------------------------
Start Applying 'set_property' XDC Constraints
---------------------------------------------------------------------------------
---------------------------------------------------------------------------------
Finished applying 'set_property' XDC Constraints : Time (s): cpu = 00:00:23 ; elapsed = 00:00:36 . Memory (MB): peak = 1717.352 ; gain = 492.070 ; free physical = 6734 ; free virtual = 17806
---------------------------------------------------------------------------------
INFO: [Synth 8-802] inferred FSM for state register 'current_state_reg' in module 'SKINNY_128_128_parallel'
INFO: [Synth 8-5546] ROM "BUSY" won't be mapped to RAM because it is too sparse
INFO: [Synth 8-5546] ROM "OUT_MUX_SEL" won't be mapped to RAM because it is too sparse
INFO: [Synth 8-5544] ROM "nx_state" won't be mapped to Block RAM because address size (1) smaller than threshold (5)
INFO: [Synth 8-5546] ROM "nx_state" won't be mapped to RAM because it is too sparse
INFO: [Synth 8-802] inferred FSM for state register 'current_state_reg' in module 'Testing_IP'
INFO: [Synth 8-5544] ROM "nx_state" won't be mapped to Block RAM because address size (1) smaller than threshold (5)
INFO: [Synth 8-5544] ROM "nx_state" won't be mapped to Block RAM because address size (1) smaller than threshold (5)
---------------------------------------------------------------------------------------------------
                   State |                     New Encoding |                Previous Encoding 
---------------------------------------------------------------------------------------------------
                 loading |                               00 |                               00
                    idle |                               01 |                               01
              processing |                               10 |                               10
---------------------------------------------------------------------------------------------------
INFO: [Synth 8-3354] encoded FSM with state register 'current_state_reg' using encoding 'sequential' in module 'SKINNY_128_128_parallel'
---------------------------------------------------------------------------------------------------
                   State |                     New Encoding |                Previous Encoding 
---------------------------------------------------------------------------------------------------
                    idle |                           000001 |                              010
                 loading |                           000010 |                              001
                 waiting |                           000100 |                              011
               start_enc |                           001000 |                              000
                     enc |                           010000 |                              100
                 success |                           100000 |                              101
---------------------------------------------------------------------------------------------------
INFO: [Synth 8-3354] encoded FSM with state register 'current_state_reg' using encoding 'one-hot' in module 'Testing_IP'
---------------------------------------------------------------------------------
Finished RTL Optimization Phase 2 : Time (s): cpu = 00:00:23 ; elapsed = 00:00:36 . Memory (MB): peak = 1717.352 ; gain = 492.070 ; free physical = 6723 ; free virtual = 17795
---------------------------------------------------------------------------------

Report RTL Partitions: 
+-+--------------+------------+----------+
| |RTL Partition |Replication |Instances |
+-+--------------+------------+----------+
+-+--------------+------------+----------+
---------------------------------------------------------------------------------
Start RTL Component Statistics 
---------------------------------------------------------------------------------
Detailed RTL Component Info : 
+---XORs : 
	   2 Input     64 Bit         XORs := 1     
	   2 Input     32 Bit         XORs := 3     
	   2 Input      8 Bit         XORs := 3     
	   2 Input      1 Bit         XORs := 128   
	   3 Input      1 Bit         XORs := 1     
+---Registers : 
	              128 Bit    Registers := 2     
	                6 Bit    Registers := 1     
+---Muxes : 
	   2 Input    128 Bit        Muxes := 3     
	   6 Input      6 Bit        Muxes := 1     
	   2 Input      6 Bit        Muxes := 2     
	   3 Input      2 Bit        Muxes := 1     
	   2 Input      2 Bit        Muxes := 2     
	   2 Input      1 Bit        Muxes := 2     
	   3 Input      1 Bit        Muxes := 5     
---------------------------------------------------------------------------------
Finished RTL Component Statistics 
---------------------------------------------------------------------------------
---------------------------------------------------------------------------------
Start RTL Hierarchical Component Statistics 
---------------------------------------------------------------------------------
Hierarchical RTL Component report 
Module Testing_IP 
Detailed RTL Component Info : 
+---Muxes : 
	   6 Input      6 Bit        Muxes := 1     
	   2 Input      6 Bit        Muxes := 2     
Module MUX 
Detailed RTL Component Info : 
+---Muxes : 
	   2 Input    128 Bit        Muxes := 1     
Module reg 
Detailed RTL Component Info : 
+---Registers : 
	              128 Bit    Registers := 1     
Module SBOX_8bit 
Detailed RTL Component Info : 
+---XORs : 
	   2 Input      1 Bit         XORs := 8     
Module AddRoundConstants 
Detailed RTL Component Info : 
+---XORs : 
	   2 Input      8 Bit         XORs := 3     
Module AddRoundTweakey 
Detailed RTL Component Info : 
+---XORs : 
	   2 Input     64 Bit         XORs := 1     
Module MixColumns 
Detailed RTL Component Info : 
+---XORs : 
	   2 Input     32 Bit         XORs := 3     
Module lfsr 
Detailed RTL Component Info : 
+---XORs : 
	   3 Input      1 Bit         XORs := 1     
+---Registers : 
	                6 Bit    Registers := 1     
Module SKINNY_128_128_parallel 
Detailed RTL Component Info : 
+---Muxes : 
	   3 Input      2 Bit        Muxes := 1     
	   2 Input      2 Bit        Muxes := 2     
	   2 Input      1 Bit        Muxes := 2     
	   3 Input      1 Bit        Muxes := 5     
---------------------------------------------------------------------------------
Finished RTL Hierarchical Component Statistics
---------------------------------------------------------------------------------
---------------------------------------------------------------------------------
Start Part Resource Summary
---------------------------------------------------------------------------------
Part Resources:
DSPs: 80 (col length:40)
BRAMs: 120 (col length: RAMB18 40 RAMB36 20)
---------------------------------------------------------------------------------
Finished Part Resource Summary
---------------------------------------------------------------------------------
---------------------------------------------------------------------------------
Start Cross Boundary and Area Optimization
---------------------------------------------------------------------------------
Warning: Parallel synthesis criteria is not met 
---------------------------------------------------------------------------------
Finished Cross Boundary and Area Optimization : Time (s): cpu = 00:00:24 ; elapsed = 00:00:37 . Memory (MB): peak = 1717.352 ; gain = 492.070 ; free physical = 6709 ; free virtual = 17783
---------------------------------------------------------------------------------

Report RTL Partitions: 
+-+--------------+------------+----------+
| |RTL Partition |Replication |Instances |
+-+--------------+------------+----------+
+-+--------------+------------+----------+
---------------------------------------------------------------------------------
Start Applying XDC Timing Constraints
---------------------------------------------------------------------------------
---------------------------------------------------------------------------------
Finished Applying XDC Timing Constraints : Time (s): cpu = 00:00:29 ; elapsed = 00:00:44 . Memory (MB): peak = 1717.352 ; gain = 492.070 ; free physical = 6580 ; free virtual = 17653
---------------------------------------------------------------------------------
---------------------------------------------------------------------------------
Start Timing Optimization
---------------------------------------------------------------------------------
---------------------------------------------------------------------------------
Finished Timing Optimization : Time (s): cpu = 00:00:30 ; elapsed = 00:00:45 . Memory (MB): peak = 1717.352 ; gain = 492.070 ; free physical = 6570 ; free virtual = 17644
---------------------------------------------------------------------------------

Report RTL Partitions: 
+-+--------------+------------+----------+
| |RTL Partition |Replication |Instances |
+-+--------------+------------+----------+
+-+--------------+------------+----------+
---------------------------------------------------------------------------------
Start Technology Mapping
---------------------------------------------------------------------------------
---------------------------------------------------------------------------------
Finished Technology Mapping : Time (s): cpu = 00:00:30 ; elapsed = 00:00:45 . Memory (MB): peak = 1717.352 ; gain = 492.070 ; free physical = 6569 ; free virtual = 17643
---------------------------------------------------------------------------------

Report RTL Partitions: 
+-+--------------+------------+----------+
| |RTL Partition |Replication |Instances |
+-+--------------+------------+----------+
+-+--------------+------------+----------+
---------------------------------------------------------------------------------
Start IO Insertion
---------------------------------------------------------------------------------
---------------------------------------------------------------------------------
Start Flattening Before IO Insertion
---------------------------------------------------------------------------------
---------------------------------------------------------------------------------
Finished Flattening Before IO Insertion
---------------------------------------------------------------------------------
---------------------------------------------------------------------------------
Start Final Netlist Cleanup
---------------------------------------------------------------------------------
---------------------------------------------------------------------------------
Finished Final Netlist Cleanup
---------------------------------------------------------------------------------
---------------------------------------------------------------------------------
Finished IO Insertion : Time (s): cpu = 00:00:30 ; elapsed = 00:00:46 . Memory (MB): peak = 1717.352 ; gain = 492.070 ; free physical = 6569 ; free virtual = 17643
---------------------------------------------------------------------------------

Report Check Netlist: 
+------+------------------+-------+---------+-------+------------------+
|      |Item              |Errors |Warnings |Status |Description       |
+------+------------------+-------+---------+-------+------------------+
|1     |multi_driven_nets |      0|        0|Passed |Multi driven nets |
+------+------------------+-------+---------+-------+------------------+
---------------------------------------------------------------------------------
Start Renaming Generated Instances
---------------------------------------------------------------------------------
---------------------------------------------------------------------------------
Finished Renaming Generated Instances : Time (s): cpu = 00:00:30 ; elapsed = 00:00:46 . Memory (MB): peak = 1717.352 ; gain = 492.070 ; free physical = 6569 ; free virtual = 17643
---------------------------------------------------------------------------------

Report RTL Partitions: 
+-+--------------+------------+----------+
| |RTL Partition |Replication |Instances |
+-+--------------+------------+----------+
+-+--------------+------------+----------+
---------------------------------------------------------------------------------
Start Rebuilding User Hierarchy
---------------------------------------------------------------------------------
---------------------------------------------------------------------------------
Finished Rebuilding User Hierarchy : Time (s): cpu = 00:00:30 ; elapsed = 00:00:46 . Memory (MB): peak = 1717.352 ; gain = 492.070 ; free physical = 6569 ; free virtual = 17642
---------------------------------------------------------------------------------
---------------------------------------------------------------------------------
Start Renaming Generated Ports
---------------------------------------------------------------------------------
---------------------------------------------------------------------------------
Finished Renaming Generated Ports : Time (s): cpu = 00:00:30 ; elapsed = 00:00:46 . Memory (MB): peak = 1717.352 ; gain = 492.070 ; free physical = 6569 ; free virtual = 17642
---------------------------------------------------------------------------------
---------------------------------------------------------------------------------
Start Handling Custom Attributes
---------------------------------------------------------------------------------
---------------------------------------------------------------------------------
Finished Handling Custom Attributes : Time (s): cpu = 00:00:30 ; elapsed = 00:00:46 . Memory (MB): peak = 1717.352 ; gain = 492.070 ; free physical = 6569 ; free virtual = 17642
---------------------------------------------------------------------------------
---------------------------------------------------------------------------------
Start Renaming Generated Nets
---------------------------------------------------------------------------------
---------------------------------------------------------------------------------
Finished Renaming Generated Nets : Time (s): cpu = 00:00:30 ; elapsed = 00:00:46 . Memory (MB): peak = 1717.352 ; gain = 492.070 ; free physical = 6569 ; free virtual = 17642
---------------------------------------------------------------------------------
---------------------------------------------------------------------------------
Start Writing Synthesis Report
---------------------------------------------------------------------------------

Report BlackBoxes: 
+-+--------------+----------+
| |BlackBox name |Instances |
+-+--------------+----------+
+-+--------------+----------+

Report Cell Usage: 
+------+-------+------+
|      |Cell   |Count |
+------+-------+------+
|1     |BUFG   |     1|
|2     |CARRY4 |    11|
|3     |LUT1   |     2|
|4     |LUT2   |    43|
|5     |LUT3   |    99|
|6     |LUT4   |    40|
|7     |LUT5   |    63|
|8     |LUT6   |    57|
|9     |FDRE   |   138|
|10    |FDSE   |   132|
|11    |IBUF   |     3|
|12    |OBUF   |     1|
+------+-------+------+

Report Instance Areas: 
+------+--------------------+------------------------+------+
|      |Instance            |Module                  |Cells |
+------+--------------------+------------------------+------+
|1     |top                 |                        |   590|
|2     |  SKINNY_128_DUT    |SKINNY_128_128_parallel |   577|
|3     |    INST_IS_REG     |\reg                    |   376|
|4     |    INST_LFSR       |lfsr                    |    14|
|5     |    INST_MixColumns |MixColumns              |    19|
|6     |    INST_TW_REG     |reg_0                   |   166|
+------+--------------------+------------------------+------+
---------------------------------------------------------------------------------
Finished Writing Synthesis Report : Time (s): cpu = 00:00:30 ; elapsed = 00:00:46 . Memory (MB): peak = 1717.352 ; gain = 492.070 ; free physical = 6569 ; free virtual = 17642
---------------------------------------------------------------------------------
Synthesis finished with 0 errors, 0 critical warnings and 0 warnings.
Synthesis Optimization Runtime : Time (s): cpu = 00:00:23 ; elapsed = 00:00:26 . Memory (MB): peak = 1717.352 ; gain = 131.500 ; free physical = 6627 ; free virtual = 17701
Synthesis Optimization Complete : Time (s): cpu = 00:00:30 ; elapsed = 00:00:46 . Memory (MB): peak = 1717.352 ; gain = 492.070 ; free physical = 6627 ; free virtual = 17701
INFO: [Project 1-571] Translating synthesized netlist
INFO: [Netlist 29-17] Analyzing 14 Unisim elements for replacement
INFO: [Netlist 29-28] Unisim Transformation completed in 0 CPU seconds
INFO: [Project 1-570] Preparing netlist for logic optimization
INFO: [Opt 31-138] Pushed 0 inverter(s) to 0 load pin(s).
INFO: [Project 1-111] Unisim Transformation Summary:
No Unisim elements were transformed.

INFO: [Common 17-83] Releasing license: Synthesis
76 Infos, 1 Warnings, 0 Critical Warnings and 0 Errors encountered.
synth_design completed successfully
synth_design: Time (s): cpu = 00:00:32 ; elapsed = 00:00:47 . Memory (MB): peak = 1718.359 ; gain = 504.641 ; free physical = 6624 ; free virtual = 17697
INFO: [Common 17-1381] The checkpoint '/home/sam/Desktop/VIVADO_git_PSI_ciphers/VIVADO-lightweight-crypto-project/Skinny/Skinny_128_128_parallel/Skinny_128_128_parallel.runs/synth_1/Testing_IP.dcp' has been generated.
INFO: [runtcl-4] Executing : report_utilization -file Testing_IP_utilization_synth.rpt -pb Testing_IP_utilization_synth.pb
report_utilization: Time (s): cpu = 00:00:00.04 ; elapsed = 00:00:00.08 . Memory (MB): peak = 1742.371 ; gain = 0.000 ; free physical = 6624 ; free virtual = 17697
INFO: [Common 17-206] Exiting Vivado at Fri Jun 29 01:59:35 2018...
