
*** Running vivado
    with args -log Testing_IP.vdi -applog -m64 -product Vivado -messageDb vivado.pb -mode batch -source Testing_IP.tcl -notrace


****** Vivado v2018.1 (64-bit)
  **** SW Build 2188600 on Wed Apr  4 18:39:19 MDT 2018
  **** IP Build 2185939 on Wed Apr  4 20:55:05 MDT 2018
    ** Copyright 1986-2018 Xilinx, Inc. All Rights Reserved.

source Testing_IP.tcl -notrace
Command: link_design -top Testing_IP -part xc7z010clg400-1
Design is defaulting to srcset: sources_1
Design is defaulting to constrset: constrs_1
INFO: [Netlist 29-17] Analyzing 4 Unisim elements for replacement
INFO: [Netlist 29-28] Unisim Transformation completed in 0 CPU seconds
INFO: [Project 1-479] Netlist was created with Vivado 2018.1
INFO: [Device 21-403] Loading part xc7z010clg400-1
INFO: [Project 1-570] Preparing netlist for logic optimization
Parsing XDC File [/home/sam/Desktop/VIVADO_git_PSI_ciphers/VIVADO-lightweight-crypto-project/Simeck/Simeck_64_128_serial/Simeck_64_128_serial.srcs/constrs_1/imports/Desktop/ZYBO_Master.xdc]
Finished Parsing XDC File [/home/sam/Desktop/VIVADO_git_PSI_ciphers/VIVADO-lightweight-crypto-project/Simeck/Simeck_64_128_serial/Simeck_64_128_serial.srcs/constrs_1/imports/Desktop/ZYBO_Master.xdc]
INFO: [Opt 31-138] Pushed 0 inverter(s) to 0 load pin(s).
INFO: [Project 1-111] Unisim Transformation Summary:
No Unisim elements were transformed.

7 Infos, 0 Warnings, 0 Critical Warnings and 0 Errors encountered.
link_design completed successfully
link_design: Time (s): cpu = 00:00:07 ; elapsed = 00:00:18 . Memory (MB): peak = 1536.805 ; gain = 320.082 ; free physical = 3983 ; free virtual = 16154
Command: opt_design
Attempting to get a license for feature 'Implementation' and/or device 'xc7z010'
INFO: [Common 17-349] Got license for feature 'Implementation' and/or device 'xc7z010'
Running DRC as a precondition to command opt_design

Starting DRC Task
INFO: [DRC 23-27] Running DRC with 8 threads
INFO: [Project 1-461] DRC finished with 0 Errors
INFO: [Project 1-462] Please refer to the DRC report (report_drc) for more information.

Time (s): cpu = 00:00:01 ; elapsed = 00:00:01 . Memory (MB): peak = 1630.836 ; gain = 94.031 ; free physical = 3977 ; free virtual = 16149
INFO: [Timing 38-35] Done setting XDC timing constraints.

Starting Logic Optimization Task

Phase 1 Retarget
INFO: [Opt 31-138] Pushed 0 inverter(s) to 0 load pin(s).
INFO: [Opt 31-49] Retargeted 0 cell(s).
Phase 1 Retarget | Checksum: 147abc05b

Time (s): cpu = 00:00:00.01 ; elapsed = 00:00:00.01 . Memory (MB): peak = 2065.398 ; gain = 0.000 ; free physical = 3613 ; free virtual = 15784
INFO: [Opt 31-389] Phase Retarget created 0 cells and removed 0 cells

Phase 2 Constant propagation
INFO: [Opt 31-138] Pushed 0 inverter(s) to 0 load pin(s).
Phase 2 Constant propagation | Checksum: 147abc05b

Time (s): cpu = 00:00:00.02 ; elapsed = 00:00:00.01 . Memory (MB): peak = 2065.398 ; gain = 0.000 ; free physical = 3613 ; free virtual = 15784
INFO: [Opt 31-389] Phase Constant propagation created 0 cells and removed 0 cells

Phase 3 Sweep
Phase 3 Sweep | Checksum: 147abc05b

Time (s): cpu = 00:00:00.02 ; elapsed = 00:00:00.01 . Memory (MB): peak = 2065.398 ; gain = 0.000 ; free physical = 3613 ; free virtual = 15784
INFO: [Opt 31-389] Phase Sweep created 0 cells and removed 0 cells

Phase 4 BUFG optimization
Phase 4 BUFG optimization | Checksum: 147abc05b

Time (s): cpu = 00:00:00.02 ; elapsed = 00:00:00.02 . Memory (MB): peak = 2065.398 ; gain = 0.000 ; free physical = 3613 ; free virtual = 15784
INFO: [Opt 31-389] Phase BUFG optimization created 0 cells and removed 0 cells

Phase 5 Shift Register Optimization
Phase 5 Shift Register Optimization | Checksum: 147abc05b

Time (s): cpu = 00:00:00.02 ; elapsed = 00:00:00.02 . Memory (MB): peak = 2065.398 ; gain = 0.000 ; free physical = 3613 ; free virtual = 15784
INFO: [Opt 31-389] Phase Shift Register Optimization created 0 cells and removed 0 cells

Phase 6 Post Processing Netlist
Phase 6 Post Processing Netlist | Checksum: 147abc05b

Time (s): cpu = 00:00:00.02 ; elapsed = 00:00:00.02 . Memory (MB): peak = 2065.398 ; gain = 0.000 ; free physical = 3613 ; free virtual = 15784
INFO: [Opt 31-389] Phase Post Processing Netlist created 0 cells and removed 0 cells

Starting Connectivity Check Task

Time (s): cpu = 00:00:00 ; elapsed = 00:00:00 . Memory (MB): peak = 2065.398 ; gain = 0.000 ; free physical = 3613 ; free virtual = 15784
Ending Logic Optimization Task | Checksum: 147abc05b

Time (s): cpu = 00:00:00.02 ; elapsed = 00:00:00.02 . Memory (MB): peak = 2065.398 ; gain = 0.000 ; free physical = 3613 ; free virtual = 15784

Starting Power Optimization Task
INFO: [Pwropt 34-132] Skipping clock gating for clocks with a period < 2.00 ns.
Ending Power Optimization Task | Checksum: 147abc05b

Time (s): cpu = 00:00:00.01 ; elapsed = 00:00:00.01 . Memory (MB): peak = 2065.398 ; gain = 0.000 ; free physical = 3613 ; free virtual = 15784
INFO: [Common 17-83] Releasing license: Implementation
23 Infos, 0 Warnings, 0 Critical Warnings and 0 Errors encountered.
opt_design completed successfully
opt_design: Time (s): cpu = 00:00:09 ; elapsed = 00:00:18 . Memory (MB): peak = 2065.398 ; gain = 528.594 ; free physical = 3613 ; free virtual = 15784
INFO: [Timing 38-480] Writing timing data to binary archive.
Writing placer database...
Writing XDEF routing.
Writing XDEF routing logical nets.
Writing XDEF routing special nets.
Write XDEF Complete: Time (s): cpu = 00:00:00.05 ; elapsed = 00:00:00.01 . Memory (MB): peak = 2097.414 ; gain = 0.000 ; free physical = 3608 ; free virtual = 15780
INFO: [Common 17-1381] The checkpoint '/home/sam/Desktop/VIVADO_git_PSI_ciphers/VIVADO-lightweight-crypto-project/Simeck/Simeck_64_128_serial/Simeck_64_128_serial.runs/impl_1/Testing_IP_opt.dcp' has been generated.
INFO: [runtcl-4] Executing : report_drc -file Testing_IP_drc_opted.rpt -pb Testing_IP_drc_opted.pb -rpx Testing_IP_drc_opted.rpx
Command: report_drc -file Testing_IP_drc_opted.rpt -pb Testing_IP_drc_opted.pb -rpx Testing_IP_drc_opted.rpx
INFO: [IP_Flow 19-234] Refreshing IP repositories
INFO: [IP_Flow 19-1704] No user IP repositories specified
INFO: [IP_Flow 19-2313] Loaded Vivado IP repository '/opt/Xilinx/Vivado/2018.1/data/ip'.
INFO: [DRC 23-27] Running DRC with 8 threads
INFO: [Coretcl 2-168] The results of DRC are in file /home/sam/Desktop/VIVADO_git_PSI_ciphers/VIVADO-lightweight-crypto-project/Simeck/Simeck_64_128_serial/Simeck_64_128_serial.runs/impl_1/Testing_IP_drc_opted.rpt.
report_drc completed successfully
Command: place_design
Attempting to get a license for feature 'Implementation' and/or device 'xc7z010'
INFO: [Common 17-349] Got license for feature 'Implementation' and/or device 'xc7z010'
INFO: [DRC 23-27] Running DRC with 8 threads
INFO: [Vivado_Tcl 4-198] DRC finished with 0 Errors
INFO: [Vivado_Tcl 4-199] Please refer to the DRC report (report_drc) for more information.
Running DRC as a precondition to command place_design
INFO: [DRC 23-27] Running DRC with 8 threads
INFO: [Vivado_Tcl 4-198] DRC finished with 0 Errors
INFO: [Vivado_Tcl 4-199] Please refer to the DRC report (report_drc) for more information.

Starting Placer Task
INFO: [Place 30-611] Multithreading enabled for place_design using a maximum of 8 CPUs

Phase 1 Placer Initialization

Phase 1.1 Placer Initialization Netlist Sorting
Netlist sorting complete. Time (s): cpu = 00:00:00 ; elapsed = 00:00:00 . Memory (MB): peak = 2129.430 ; gain = 0.000 ; free physical = 3569 ; free virtual = 15740
Phase 1.1 Placer Initialization Netlist Sorting | Checksum: d3e19a6e

Time (s): cpu = 00:00:00 ; elapsed = 00:00:00.03 . Memory (MB): peak = 2129.430 ; gain = 0.000 ; free physical = 3569 ; free virtual = 15740
Netlist sorting complete. Time (s): cpu = 00:00:00 ; elapsed = 00:00:00 . Memory (MB): peak = 2129.430 ; gain = 0.000 ; free physical = 3569 ; free virtual = 15740

Phase 1.2 IO Placement/ Clock Placement/ Build Placer Device
INFO: [Timing 38-35] Done setting XDC timing constraints.
Phase 1.2 IO Placement/ Clock Placement/ Build Placer Device | Checksum: 157e1f988

Time (s): cpu = 00:00:00.33 ; elapsed = 00:00:00.19 . Memory (MB): peak = 2129.430 ; gain = 0.000 ; free physical = 3569 ; free virtual = 15740

Phase 1.3 Build Placer Netlist Model
Phase 1.3 Build Placer Netlist Model | Checksum: 1a7c1fcf7

Time (s): cpu = 00:00:00.39 ; elapsed = 00:00:00.23 . Memory (MB): peak = 2147.062 ; gain = 17.633 ; free physical = 3568 ; free virtual = 15740

Phase 1.4 Constrain Clocks/Macros
Phase 1.4 Constrain Clocks/Macros | Checksum: 1a7c1fcf7

Time (s): cpu = 00:00:00.40 ; elapsed = 00:00:00.23 . Memory (MB): peak = 2147.062 ; gain = 17.633 ; free physical = 3568 ; free virtual = 15740
Phase 1 Placer Initialization | Checksum: 1a7c1fcf7

Time (s): cpu = 00:00:00.40 ; elapsed = 00:00:00.23 . Memory (MB): peak = 2147.062 ; gain = 17.633 ; free physical = 3568 ; free virtual = 15740

Phase 2 Global Placement
Phase 2 Global Placement | Checksum: 24cb9623e

Time (s): cpu = 00:00:02 ; elapsed = 00:00:00.65 . Memory (MB): peak = 2235.105 ; gain = 105.676 ; free physical = 3562 ; free virtual = 15734

Phase 3 Detail Placement

Phase 3.1 Commit Multi Column Macros
Phase 3.1 Commit Multi Column Macros | Checksum: 24cb9623e

Time (s): cpu = 00:00:02 ; elapsed = 00:00:00.66 . Memory (MB): peak = 2235.105 ; gain = 105.676 ; free physical = 3562 ; free virtual = 15734

Phase 3.2 Commit Most Macros & LUTRAMs
Phase 3.2 Commit Most Macros & LUTRAMs | Checksum: 25003a63c

Time (s): cpu = 00:00:02 ; elapsed = 00:00:00.69 . Memory (MB): peak = 2235.105 ; gain = 105.676 ; free physical = 3563 ; free virtual = 15734

Phase 3.3 Area Swap Optimization
Phase 3.3 Area Swap Optimization | Checksum: 1af936306

Time (s): cpu = 00:00:02 ; elapsed = 00:00:00.69 . Memory (MB): peak = 2235.105 ; gain = 105.676 ; free physical = 3563 ; free virtual = 15734

Phase 3.4 Pipeline Register Optimization
Phase 3.4 Pipeline Register Optimization | Checksum: 1af936306

Time (s): cpu = 00:00:02 ; elapsed = 00:00:00.69 . Memory (MB): peak = 2235.105 ; gain = 105.676 ; free physical = 3563 ; free virtual = 15734

Phase 3.5 Small Shape Detail Placement
Phase 3.5 Small Shape Detail Placement | Checksum: 182725130

Time (s): cpu = 00:00:02 ; elapsed = 00:00:00.74 . Memory (MB): peak = 2235.105 ; gain = 105.676 ; free physical = 3562 ; free virtual = 15734

Phase 3.6 Re-assign LUT pins
Phase 3.6 Re-assign LUT pins | Checksum: 1ee6fbf7d

Time (s): cpu = 00:00:03 ; elapsed = 00:00:00.74 . Memory (MB): peak = 2235.105 ; gain = 105.676 ; free physical = 3562 ; free virtual = 15734

Phase 3.7 Pipeline Register Optimization
Phase 3.7 Pipeline Register Optimization | Checksum: 1ee6fbf7d

Time (s): cpu = 00:00:03 ; elapsed = 00:00:00.74 . Memory (MB): peak = 2235.105 ; gain = 105.676 ; free physical = 3562 ; free virtual = 15734
Phase 3 Detail Placement | Checksum: 1ee6fbf7d

Time (s): cpu = 00:00:03 ; elapsed = 00:00:00.74 . Memory (MB): peak = 2235.105 ; gain = 105.676 ; free physical = 3562 ; free virtual = 15734

Phase 4 Post Placement Optimization and Clean-Up

Phase 4.1 Post Commit Optimization
INFO: [Timing 38-35] Done setting XDC timing constraints.

Phase 4.1.1 Post Placement Optimization
Post Placement Optimization Initialization | Checksum: 2bf083ac1

Phase 4.1.1.1 BUFG Insertion
INFO: [Physopt 32-721] Multithreading enabled for phys_opt_design using a maximum of 8 CPUs
INFO: [Place 46-31] BUFG insertion identified 0 candidate nets, 0 success, 0 skipped for placement/routing, 0 skipped for timing, 0 skipped for netlist change reason.
Phase 4.1.1.1 BUFG Insertion | Checksum: 2bf083ac1

Time (s): cpu = 00:00:03 ; elapsed = 00:00:00.80 . Memory (MB): peak = 2235.105 ; gain = 105.676 ; free physical = 3562 ; free virtual = 15734
INFO: [Place 30-746] Post Placement Timing Summary WNS=4.013. For the most accurate timing information please run report_timing.
Phase 4.1.1 Post Placement Optimization | Checksum: 1d9996c62

Time (s): cpu = 00:00:03 ; elapsed = 00:00:00.80 . Memory (MB): peak = 2235.105 ; gain = 105.676 ; free physical = 3562 ; free virtual = 15734
Phase 4.1 Post Commit Optimization | Checksum: 1d9996c62

Time (s): cpu = 00:00:03 ; elapsed = 00:00:00.80 . Memory (MB): peak = 2235.105 ; gain = 105.676 ; free physical = 3562 ; free virtual = 15734

Phase 4.2 Post Placement Cleanup
Phase 4.2 Post Placement Cleanup | Checksum: 1d9996c62

Time (s): cpu = 00:00:03 ; elapsed = 00:00:00.81 . Memory (MB): peak = 2235.105 ; gain = 105.676 ; free physical = 3563 ; free virtual = 15735

Phase 4.3 Placer Reporting
Phase 4.3 Placer Reporting | Checksum: 1d9996c62

Time (s): cpu = 00:00:03 ; elapsed = 00:00:00.81 . Memory (MB): peak = 2235.105 ; gain = 105.676 ; free physical = 3563 ; free virtual = 15735

Phase 4.4 Final Placement Cleanup
Phase 4.4 Final Placement Cleanup | Checksum: 15f07a188

Time (s): cpu = 00:00:03 ; elapsed = 00:00:00.81 . Memory (MB): peak = 2235.105 ; gain = 105.676 ; free physical = 3563 ; free virtual = 15735
Phase 4 Post Placement Optimization and Clean-Up | Checksum: 15f07a188

Time (s): cpu = 00:00:03 ; elapsed = 00:00:00.81 . Memory (MB): peak = 2235.105 ; gain = 105.676 ; free physical = 3563 ; free virtual = 15735
Ending Placer Task | Checksum: 15731cfe3

Time (s): cpu = 00:00:03 ; elapsed = 00:00:00.81 . Memory (MB): peak = 2235.105 ; gain = 105.676 ; free physical = 3567 ; free virtual = 15739
INFO: [Common 17-83] Releasing license: Implementation
45 Infos, 0 Warnings, 0 Critical Warnings and 0 Errors encountered.
place_design completed successfully
INFO: [Timing 38-480] Writing timing data to binary archive.
Writing placer database...
Writing XDEF routing.
Writing XDEF routing logical nets.
Writing XDEF routing special nets.
Write XDEF Complete: Time (s): cpu = 00:00:00.07 ; elapsed = 00:00:00.03 . Memory (MB): peak = 2235.105 ; gain = 0.000 ; free physical = 3564 ; free virtual = 15737
INFO: [Common 17-1381] The checkpoint '/home/sam/Desktop/VIVADO_git_PSI_ciphers/VIVADO-lightweight-crypto-project/Simeck/Simeck_64_128_serial/Simeck_64_128_serial.runs/impl_1/Testing_IP_placed.dcp' has been generated.
INFO: [runtcl-4] Executing : report_io -file Testing_IP_io_placed.rpt
report_io: Time (s): cpu = 00:00:00.08 ; elapsed = 00:00:00.11 . Memory (MB): peak = 2235.105 ; gain = 0.000 ; free physical = 3556 ; free virtual = 15728
INFO: [runtcl-4] Executing : report_utilization -file Testing_IP_utilization_placed.rpt -pb Testing_IP_utilization_placed.pb
report_utilization: Time (s): cpu = 00:00:00.06 ; elapsed = 00:00:00.08 . Memory (MB): peak = 2235.105 ; gain = 0.000 ; free physical = 3565 ; free virtual = 15737
INFO: [runtcl-4] Executing : report_control_sets -verbose -file Testing_IP_control_sets_placed.rpt
report_control_sets: Time (s): cpu = 00:00:00.04 ; elapsed = 00:00:00.08 . Memory (MB): peak = 2235.105 ; gain = 0.000 ; free physical = 3565 ; free virtual = 15737
Command: route_design
Attempting to get a license for feature 'Implementation' and/or device 'xc7z010'
INFO: [Common 17-349] Got license for feature 'Implementation' and/or device 'xc7z010'
Running DRC as a precondition to command route_design
INFO: [DRC 23-27] Running DRC with 8 threads
INFO: [Vivado_Tcl 4-198] DRC finished with 0 Errors
INFO: [Vivado_Tcl 4-199] Please refer to the DRC report (report_drc) for more information.


Starting Routing Task
INFO: [Route 35-254] Multithreading enabled for route_design using a maximum of 8 CPUs
Checksum: PlaceDB: e3076b95 ConstDB: 0 ShapeSum: 742a644e RouteDB: 0

Phase 1 Build RT Design
Phase 1 Build RT Design | Checksum: 433f886d

Time (s): cpu = 00:00:08 ; elapsed = 00:00:07 . Memory (MB): peak = 2235.105 ; gain = 0.000 ; free physical = 3485 ; free virtual = 15657
Post Restoration Checksum: NetGraph: 3cfd21e6 NumContArr: 6426687 Constraints: 0 Timing: 0

Phase 2 Router Initialization

Phase 2.1 Create Timer
Phase 2.1 Create Timer | Checksum: 433f886d

Time (s): cpu = 00:00:08 ; elapsed = 00:00:07 . Memory (MB): peak = 2235.105 ; gain = 0.000 ; free physical = 3485 ; free virtual = 15657

Phase 2.2 Fix Topology Constraints
Phase 2.2 Fix Topology Constraints | Checksum: 433f886d

Time (s): cpu = 00:00:08 ; elapsed = 00:00:07 . Memory (MB): peak = 2235.105 ; gain = 0.000 ; free physical = 3455 ; free virtual = 15627

Phase 2.3 Pre Route Cleanup
Phase 2.3 Pre Route Cleanup | Checksum: 433f886d

Time (s): cpu = 00:00:08 ; elapsed = 00:00:07 . Memory (MB): peak = 2235.105 ; gain = 0.000 ; free physical = 3455 ; free virtual = 15627
 Number of Nodes with overlaps = 0

Phase 2.4 Update Timing
Phase 2.4 Update Timing | Checksum: 1c12282be

Time (s): cpu = 00:00:08 ; elapsed = 00:00:07 . Memory (MB): peak = 2235.105 ; gain = 0.000 ; free physical = 3451 ; free virtual = 15623
INFO: [Route 35-416] Intermediate Timing Summary | WNS=3.924  | TNS=0.000  | WHS=-0.150 | THS=-1.345 |

Phase 2 Router Initialization | Checksum: 19fa7da8b

Time (s): cpu = 00:00:08 ; elapsed = 00:00:07 . Memory (MB): peak = 2235.105 ; gain = 0.000 ; free physical = 3451 ; free virtual = 15623

Phase 3 Initial Routing
Phase 3 Initial Routing | Checksum: 1271b03de

Time (s): cpu = 00:00:08 ; elapsed = 00:00:07 . Memory (MB): peak = 2235.105 ; gain = 0.000 ; free physical = 3452 ; free virtual = 15624

Phase 4 Rip-up And Reroute

Phase 4.1 Global Iteration 0
 Number of Nodes with overlaps = 4
 Number of Nodes with overlaps = 1
 Number of Nodes with overlaps = 0
INFO: [Route 35-416] Intermediate Timing Summary | WNS=4.358  | TNS=0.000  | WHS=N/A    | THS=N/A    |

Phase 4.1 Global Iteration 0 | Checksum: 13bb05820

Time (s): cpu = 00:00:08 ; elapsed = 00:00:07 . Memory (MB): peak = 2235.105 ; gain = 0.000 ; free physical = 3453 ; free virtual = 15625
Phase 4 Rip-up And Reroute | Checksum: 13bb05820

Time (s): cpu = 00:00:08 ; elapsed = 00:00:07 . Memory (MB): peak = 2235.105 ; gain = 0.000 ; free physical = 3453 ; free virtual = 15625

Phase 5 Delay and Skew Optimization

Phase 5.1 Delay CleanUp

Phase 5.1.1 Update Timing
Phase 5.1.1 Update Timing | Checksum: af1f260a

Time (s): cpu = 00:00:08 ; elapsed = 00:00:07 . Memory (MB): peak = 2235.105 ; gain = 0.000 ; free physical = 3453 ; free virtual = 15625
INFO: [Route 35-416] Intermediate Timing Summary | WNS=4.511  | TNS=0.000  | WHS=N/A    | THS=N/A    |

Phase 5.1 Delay CleanUp | Checksum: af1f260a

Time (s): cpu = 00:00:08 ; elapsed = 00:00:07 . Memory (MB): peak = 2235.105 ; gain = 0.000 ; free physical = 3453 ; free virtual = 15625

Phase 5.2 Clock Skew Optimization
Phase 5.2 Clock Skew Optimization | Checksum: af1f260a

Time (s): cpu = 00:00:08 ; elapsed = 00:00:07 . Memory (MB): peak = 2235.105 ; gain = 0.000 ; free physical = 3453 ; free virtual = 15625
Phase 5 Delay and Skew Optimization | Checksum: af1f260a

Time (s): cpu = 00:00:08 ; elapsed = 00:00:07 . Memory (MB): peak = 2235.105 ; gain = 0.000 ; free physical = 3453 ; free virtual = 15625

Phase 6 Post Hold Fix

Phase 6.1 Hold Fix Iter

Phase 6.1.1 Update Timing
Phase 6.1.1 Update Timing | Checksum: 16cb24d7a

Time (s): cpu = 00:00:09 ; elapsed = 00:00:07 . Memory (MB): peak = 2235.105 ; gain = 0.000 ; free physical = 3453 ; free virtual = 15625
INFO: [Route 35-416] Intermediate Timing Summary | WNS=4.511  | TNS=0.000  | WHS=0.119  | THS=0.000  |

Phase 6.1 Hold Fix Iter | Checksum: cc831284

Time (s): cpu = 00:00:09 ; elapsed = 00:00:07 . Memory (MB): peak = 2235.105 ; gain = 0.000 ; free physical = 3453 ; free virtual = 15625
Phase 6 Post Hold Fix | Checksum: cc831284

Time (s): cpu = 00:00:09 ; elapsed = 00:00:07 . Memory (MB): peak = 2235.105 ; gain = 0.000 ; free physical = 3453 ; free virtual = 15625

Phase 7 Route finalize

Router Utilization Summary
  Global Vertical Routing Utilization    = 0.0143581 %
  Global Horizontal Routing Utilization  = 0.0202206 %
  Routable Net Status*
  *Does not include unroutable nets such as driverless and loadless.
  Run report_route_status for detailed report.
  Number of Failed Nets               = 0
  Number of Unrouted Nets             = 0
  Number of Partially Routed Nets     = 0
  Number of Node Overlaps             = 0

Phase 7 Route finalize | Checksum: 13d1e66dd

Time (s): cpu = 00:00:09 ; elapsed = 00:00:07 . Memory (MB): peak = 2235.105 ; gain = 0.000 ; free physical = 3453 ; free virtual = 15625

Phase 8 Verifying routed nets

 Verification completed successfully
Phase 8 Verifying routed nets | Checksum: 13d1e66dd

Time (s): cpu = 00:00:09 ; elapsed = 00:00:07 . Memory (MB): peak = 2235.105 ; gain = 0.000 ; free physical = 3453 ; free virtual = 15625

Phase 9 Depositing Routes
Phase 9 Depositing Routes | Checksum: 15ecb3b97

Time (s): cpu = 00:00:09 ; elapsed = 00:00:07 . Memory (MB): peak = 2235.105 ; gain = 0.000 ; free physical = 3453 ; free virtual = 15625

Phase 10 Post Router Timing
INFO: [Route 35-57] Estimated Timing Summary | WNS=4.511  | TNS=0.000  | WHS=0.119  | THS=0.000  |

INFO: [Route 35-327] The final timing numbers are based on the router estimated timing analysis. For a complete and accurate timing signoff, please run report_timing_summary.
Phase 10 Post Router Timing | Checksum: 15ecb3b97

Time (s): cpu = 00:00:09 ; elapsed = 00:00:07 . Memory (MB): peak = 2235.105 ; gain = 0.000 ; free physical = 3453 ; free virtual = 15625
INFO: [Route 35-16] Router Completed Successfully

Time (s): cpu = 00:00:09 ; elapsed = 00:00:07 . Memory (MB): peak = 2235.105 ; gain = 0.000 ; free physical = 3483 ; free virtual = 15655

Routing Is Done.
INFO: [Common 17-83] Releasing license: Implementation
63 Infos, 0 Warnings, 0 Critical Warnings and 0 Errors encountered.
route_design completed successfully
route_design: Time (s): cpu = 00:00:10 ; elapsed = 00:00:08 . Memory (MB): peak = 2235.105 ; gain = 0.000 ; free physical = 3482 ; free virtual = 15654
INFO: [Timing 38-480] Writing timing data to binary archive.
Writing placer database...
Writing XDEF routing.
Writing XDEF routing logical nets.
Writing XDEF routing special nets.
Write XDEF Complete: Time (s): cpu = 00:00:00.07 ; elapsed = 00:00:00.03 . Memory (MB): peak = 2235.105 ; gain = 0.000 ; free physical = 3479 ; free virtual = 15652
INFO: [Common 17-1381] The checkpoint '/home/sam/Desktop/VIVADO_git_PSI_ciphers/VIVADO-lightweight-crypto-project/Simeck/Simeck_64_128_serial/Simeck_64_128_serial.runs/impl_1/Testing_IP_routed.dcp' has been generated.
INFO: [runtcl-4] Executing : report_drc -file Testing_IP_drc_routed.rpt -pb Testing_IP_drc_routed.pb -rpx Testing_IP_drc_routed.rpx
Command: report_drc -file Testing_IP_drc_routed.rpt -pb Testing_IP_drc_routed.pb -rpx Testing_IP_drc_routed.rpx
INFO: [DRC 23-27] Running DRC with 8 threads
INFO: [Coretcl 2-168] The results of DRC are in file /home/sam/Desktop/VIVADO_git_PSI_ciphers/VIVADO-lightweight-crypto-project/Simeck/Simeck_64_128_serial/Simeck_64_128_serial.runs/impl_1/Testing_IP_drc_routed.rpt.
report_drc completed successfully
INFO: [runtcl-4] Executing : report_methodology -file Testing_IP_methodology_drc_routed.rpt -pb Testing_IP_methodology_drc_routed.pb -rpx Testing_IP_methodology_drc_routed.rpx
Command: report_methodology -file Testing_IP_methodology_drc_routed.rpt -pb Testing_IP_methodology_drc_routed.pb -rpx Testing_IP_methodology_drc_routed.rpx
INFO: [Timing 38-35] Done setting XDC timing constraints.
INFO: [Timing 38-35] Done setting XDC timing constraints.
INFO: [DRC 23-133] Running Methodology with 8 threads
INFO: [Coretcl 2-1520] The results of Report Methodology are in file /home/sam/Desktop/VIVADO_git_PSI_ciphers/VIVADO-lightweight-crypto-project/Simeck/Simeck_64_128_serial/Simeck_64_128_serial.runs/impl_1/Testing_IP_methodology_drc_routed.rpt.
report_methodology completed successfully
INFO: [runtcl-4] Executing : report_power -file Testing_IP_power_routed.rpt -pb Testing_IP_power_summary_routed.pb -rpx Testing_IP_power_routed.rpx
Command: report_power -file Testing_IP_power_routed.rpt -pb Testing_IP_power_summary_routed.pb -rpx Testing_IP_power_routed.rpx
INFO: [Timing 38-35] Done setting XDC timing constraints.
Running Vector-less Activity Propagation...

Finished Running Vector-less Activity Propagation
75 Infos, 0 Warnings, 0 Critical Warnings and 0 Errors encountered.
report_power completed successfully
INFO: [runtcl-4] Executing : report_route_status -file Testing_IP_route_status.rpt -pb Testing_IP_route_status.pb
INFO: [runtcl-4] Executing : report_timing_summary -max_paths 10 -file Testing_IP_timing_summary_routed.rpt -pb Testing_IP_timing_summary_routed.pb -rpx Testing_IP_timing_summary_routed.rpx -warn_on_violation 
INFO: [Timing 38-91] UpdateTimingParams: Speed grade: -1, Delay Type: min_max, Timing Stage: Requireds.
INFO: [Timing 38-191] Multithreading enabled for timing update using a maximum of 8 CPUs
INFO: [runtcl-4] Executing : report_incremental_reuse -file Testing_IP_incremental_reuse_routed.rpt
INFO: [Vivado_Tcl 4-545] No incremental reuse to report, no incremental placement and routing data was found.
INFO: [runtcl-4] Executing : report_clock_utilization -file Testing_IP_clock_utilization_routed.rpt
INFO: [runtcl-4] Executing : report_bus_skew -warn_on_violation -file route_report_bus_skew_0.rpt -rpx route_report_bus_skew_0.rpx
INFO: [Timing 38-91] UpdateTimingParams: Speed grade: -1, Delay Type: min_max, Timing Stage: Requireds.
INFO: [Timing 38-191] Multithreading enabled for timing update using a maximum of 8 CPUs
Command: write_bitstream -force Testing_IP.bit
Attempting to get a license for feature 'Implementation' and/or device 'xc7z010'
INFO: [Common 17-349] Got license for feature 'Implementation' and/or device 'xc7z010'
Running DRC as a precondition to command write_bitstream
INFO: [DRC 23-27] Running DRC with 8 threads
WARNING: [DRC ZPS7-1] PS7 block required: The PS7 cell must be used in this Zynq design in order to enable correct default configuration.
INFO: [Vivado 12-3199] DRC finished with 0 Errors, 1 Warnings
INFO: [Vivado 12-3200] Please refer to the DRC report (report_drc) for more information.
INFO: [Designutils 20-2272] Running write_bitstream with 8 threads.
Loading data files...
Loading site data...
Loading route data...
Processing options...
Creating bitmap...
Creating bitstream...
Writing bitstream ./Testing_IP.bit...
INFO: [Vivado 12-1842] Bitgen Completed Successfully.
INFO: [Project 1-120] WebTalk data collection is mandatory when using a WebPACK part without a full Vivado license. To see the specific WebTalk data collected for your design, open the usage_statistics_webtalk.html or usage_statistics_webtalk.xml file in the implementation directory.
INFO: [Common 17-83] Releasing license: Implementation
93 Infos, 1 Warnings, 0 Critical Warnings and 0 Errors encountered.
write_bitstream completed successfully
write_bitstream: Time (s): cpu = 00:00:08 ; elapsed = 00:00:08 . Memory (MB): peak = 2546.816 ; gain = 210.430 ; free physical = 3450 ; free virtual = 15625
INFO: [Common 17-206] Exiting Vivado at Thu Jun 28 19:46:53 2018...
