INFO: [VRFC 10-163] Analyzing VHDL file "/home/sam/Desktop/VIVADO_git_PSI_ciphers/VIVADO-lightweight-crypto-project/AES/AES.sim/sim_1/impl/func/xsim/Testing_IP_TB_func_impl.vhd" into library xil_defaultlib
INFO: [VRFC 10-307] analyzing entity CNT
INFO: [VRFC 10-307] analyzing entity \CNT__parameterized0\
INFO: [VRFC 10-307] analyzing entity reg
INFO: [VRFC 10-307] analyzing entity reg_0
INFO: [VRFC 10-307] analyzing entity sbox
INFO: [VRFC 10-307] analyzing entity sbox_1
INFO: [VRFC 10-307] analyzing entity sbox_10
INFO: [VRFC 10-307] analyzing entity sbox_11
INFO: [VRFC 10-307] analyzing entity sbox_12
INFO: [VRFC 10-307] analyzing entity sbox_13
INFO: [VRFC 10-307] analyzing entity sbox_14
INFO: [VRFC 10-307] analyzing entity sbox_15
INFO: [VRFC 10-307] analyzing entity sbox_16
INFO: [VRFC 10-307] analyzing entity sbox_17
INFO: [VRFC 10-307] analyzing entity sbox_18
INFO: [VRFC 10-307] analyzing entity sbox_19
INFO: [VRFC 10-307] analyzing entity sbox_2
INFO: [VRFC 10-307] analyzing entity sbox_3
INFO: [VRFC 10-307] analyzing entity sbox_4
INFO: [VRFC 10-307] analyzing entity sbox_5
INFO: [VRFC 10-307] analyzing entity sbox_6
INFO: [VRFC 10-307] analyzing entity sbox_7
INFO: [VRFC 10-307] analyzing entity sbox_8
INFO: [VRFC 10-307] analyzing entity sbox_9
INFO: [VRFC 10-307] analyzing entity key_schedule
INFO: [VRFC 10-307] analyzing entity subBytes
INFO: [VRFC 10-307] analyzing entity AES_128_parallel
INFO: [VRFC 10-307] analyzing entity Testing_IP
INFO: [VRFC 10-163] Analyzing VHDL file "/home/sam/Desktop/VIVADO_git_PSI_ciphers/VIVADO-lightweight-crypto-project/AES/AES.srcs/sim_1/imports/src/Testing_IP_TB.vhd" into library xil_defaultlib
INFO: [VRFC 10-307] analyzing entity Testing_IP_TB
