INFO: [VRFC 10-163] Analyzing VHDL file "/home/sam/Desktop/VIVADO_git_PSI_ciphers/VIVADO-lightweight-crypto-project/AES_128_AXIS/AES_128_AXIS.srcs/sources_1/imports/AES.srcs/sources_1/imports/src/AES_128_parallel.vhd" into library xil_defaultlib
INFO: [VRFC 10-307] analyzing entity AES_128_parallel
INFO: [VRFC 10-163] Analyzing VHDL file "/home/sam/Desktop/VIVADO_git_PSI_ciphers/VIVADO-lightweight-crypto-project/AES_128_AXIS/AES_128_AXIS.srcs/sources_1/imports/AES.srcs/sources_1/imports/src/AddRoundKey.vhd" into library xil_defaultlib
INFO: [VRFC 10-307] analyzing entity AddRoundKey
INFO: [VRFC 10-163] Analyzing VHDL file "/home/sam/Desktop/VIVADO_git_PSI_ciphers/VIVADO-lightweight-crypto-project/AES_128_AXIS/AES_128_AXIS.srcs/sources_1/imports/AES.srcs/sources_1/imports/src/MixColumns.vhd" into library xil_defaultlib
INFO: [VRFC 10-307] analyzing entity MixColumns
INFO: [VRFC 10-163] Analyzing VHDL file "/home/sam/Desktop/VIVADO_git_PSI_ciphers/VIVADO-lightweight-crypto-project/AES_128_AXIS/AES_128_AXIS.srcs/sources_1/imports/AES.srcs/sources_1/imports/src/Shiftrows.vhd" into library xil_defaultlib
INFO: [VRFC 10-307] analyzing entity Shiftrows
INFO: [VRFC 10-163] Analyzing VHDL file "/home/sam/Desktop/VIVADO_git_PSI_ciphers/VIVADO-lightweight-crypto-project/AES_AXIS/AES_128_AXIS/AES_128_AXIS.srcs/sources_1/new/aes_axis_top.vhd" into library xil_defaultlib
INFO: [VRFC 10-307] analyzing entity AES_AXIS_top
INFO: [VRFC 10-163] Analyzing VHDL file "/home/sam/Desktop/VIVADO_git_PSI_ciphers/VIVADO-lightweight-crypto-project/AES_128_AXIS/AES_128_AXIS.srcs/sources_1/imports/AES.srcs/sources_1/imports/src/cnt.vhd" into library xil_defaultlib
INFO: [VRFC 10-307] analyzing entity CNT
INFO: [VRFC 10-163] Analyzing VHDL file "/home/sam/Desktop/VIVADO_git_PSI_ciphers/VIVADO-lightweight-crypto-project/AES_128_AXIS/AES_128_AXIS.srcs/sources_1/imports/AES.srcs/sources_1/imports/src/key_schedule.vhd" into library xil_defaultlib
INFO: [VRFC 10-307] analyzing entity key_schedule
INFO: [VRFC 10-163] Analyzing VHDL file "/home/sam/Desktop/VIVADO_git_PSI_ciphers/VIVADO-lightweight-crypto-project/AES_128_AXIS/AES_128_AXIS.srcs/sources_1/imports/AES.srcs/sources_1/imports/src/mixcolumn.vhd" into library xil_defaultlib
INFO: [VRFC 10-307] analyzing entity mixColumn
INFO: [VRFC 10-163] Analyzing VHDL file "/home/sam/Desktop/VIVADO_git_PSI_ciphers/VIVADO-lightweight-crypto-project/AES_128_AXIS/AES_128_AXIS.srcs/sources_1/imports/AES.srcs/sources_1/imports/src/mux.vhd" into library xil_defaultlib
INFO: [VRFC 10-307] analyzing entity MUX
INFO: [VRFC 10-163] Analyzing VHDL file "/home/sam/Desktop/VIVADO_git_PSI_ciphers/VIVADO-lightweight-crypto-project/AES_128_AXIS/AES_128_AXIS.srcs/sources_1/imports/AES.srcs/sources_1/imports/src/reg.vhd" into library xil_defaultlib
INFO: [VRFC 10-307] analyzing entity reg
INFO: [VRFC 10-163] Analyzing VHDL file "/home/sam/Desktop/VIVADO_git_PSI_ciphers/VIVADO-lightweight-crypto-project/AES_128_AXIS/AES_128_AXIS.srcs/sources_1/imports/AES.srcs/sources_1/imports/src/sbox.vhd" into library xil_defaultlib
INFO: [VRFC 10-307] analyzing entity sbox
INFO: [VRFC 10-163] Analyzing VHDL file "/home/sam/Desktop/VIVADO_git_PSI_ciphers/VIVADO-lightweight-crypto-project/AES_128_AXIS/AES_128_AXIS.srcs/sources_1/imports/AES.srcs/sources_1/imports/src/subBytes.vhd" into library xil_defaultlib
INFO: [VRFC 10-307] analyzing entity subBytes
INFO: [VRFC 10-163] Analyzing VHDL file "/home/sam/Desktop/VIVADO_git_PSI_ciphers/VIVADO-lightweight-crypto-project/AES_128_AXIS/AES_128_AXIS.srcs/sim_1/new/axi_stream_TB.vhd" into library xil_defaultlib
INFO: [VRFC 10-307] analyzing entity AES128_axis_tb
