Vivado Simulator 2018.1
Copyright 1986-1999, 2001-2017 Xilinx, Inc. All Rights Reserved.
Running: /opt/Xilinx/Vivado/2018.1/bin/unwrapped/lnx64.o/xelab -wto 72c67f560b8d4d3d9846df2e545b5164 --incr --debug typical --relax --mt 8 -L xil_defaultlib -L secureip --snapshot Testing_TB_func_impl xil_defaultlib.Testing_TB -log elaborate.log 
Using 8 slave threads.
Starting static elaboration
Completed static elaboration
Starting simulation data flow analysis
Completed simulation data flow analysis
Time Resolution for simulation is 1ps
Compiling package std.standard
Compiling package std.textio
Compiling package ieee.std_logic_1164
Compiling package ieee.numeric_std
Compiling package unisim.vcomponents
Compiling package ieee.vital_timing
Compiling package ieee.vital_primitives
Compiling package unisim.vpkg
Compiling architecture lut2_v of entity unisim.LUT2 [\LUT2(init="0010")(0,3)\]
Compiling architecture lut2_v of entity unisim.LUT2 [\LUT2(init="1000")(0,3)\]
Compiling architecture fdse_v of entity unisim.FDSE [fdse_default]
Compiling architecture fdre_v of entity unisim.FDRE [fdre_default]
Compiling architecture fdre_v of entity unisim.FDRE [\FDRE(init='1')\]
Compiling architecture lut6_v of entity unisim.LUT6 [\LUT6(init="00000000000000001001...]
Compiling architecture lut6_v of entity unisim.LUT6 [\LUT6(init="00000000000000000000...]
Compiling architecture lut4_v of entity unisim.LUT4 [\LUT4(init="0101010101010111")(0...]
Compiling architecture lut6_v of entity unisim.LUT6 [\LUT6(init="00000000000000000000...]
Compiling architecture lut4_v of entity unisim.LUT4 [\LUT4(init="0000000000100000")(0...]
Compiling architecture lut6_v of entity unisim.LUT6 [\LUT6(init="01100000000001100000...]
Compiling architecture lut6_v of entity unisim.LUT6 [\LUT6(init="00000000000000000000...]
Compiling architecture lut6_v of entity unisim.LUT6 [\LUT6(init="00001001100100000000...]
Compiling architecture lut6_v of entity unisim.LUT6 [\LUT6(init="00000110011000000000...]
Compiling architecture lut6_v of entity unisim.LUT6 [\LUT6(init="01101001000000000000...]
Compiling architecture lut6_v of entity unisim.LUT6 [\LUT6(init="00000000000000000000...]
Compiling architecture lut6_v of entity unisim.LUT6 [\LUT6(init="00000000000000000110...]
Compiling architecture lut5_v of entity unisim.LUT5 [\LUT5(init="00000000111111110110...]
Compiling architecture lut6_v of entity unisim.LUT6 [\LUT6(init="10010110000000000000...]
Compiling architecture lut5_v of entity unisim.LUT5 [\LUT5(init="00001111000011110000...]
Compiling architecture lut5_v of entity unisim.LUT5 [\LUT5(init="00000000011000000000...]
Compiling architecture lut5_v of entity unisim.LUT5 [\LUT5(init="00000000000000000110...]
Compiling architecture lut5_v of entity unisim.LUT5 [\LUT5(init="00000000000000001001...]
Compiling architecture lut5_v of entity unisim.LUT5 [\LUT5(init="10010000000000000000...]
Compiling architecture carry4_v of entity unisim.CARRY4 [carry4_default]
Compiling architecture lut3_v of entity unisim.LUT3 [\LUT3(init="10010110")(0,7)\]
Compiling architecture lut5_v of entity unisim.LUT5 [\LUT5(init="11111010101011110001...]
Compiling architecture lut4_v of entity unisim.LUT4 [\LUT4(init="0110100110010110")(0...]
Compiling architecture lut3_v of entity unisim.LUT3 [\LUT3(init="11100001")(0,7)\]
Compiling architecture lut5_v of entity unisim.LUT5 [\LUT5(init="11111110101010110000...]
Compiling architecture lut6_v of entity unisim.LUT6 [\LUT6(init="11111111111111111111...]
Compiling architecture lut5_v of entity unisim.LUT5 [\LUT5(init="01010101010101010110...]
Compiling architecture lut5_v of entity unisim.LUT5 [\LUT5(init="11100001000111100001...]
Compiling architecture lut3_v of entity unisim.LUT3 [\LUT3(init="10101001")(0,7)\]
Compiling architecture lut4_v of entity unisim.LUT4 [\LUT4(init="1110101100010100")(0...]
Compiling architecture lut4_v of entity unisim.LUT4 [\LUT4(init="1010100110100110")(0...]
Compiling architecture lut6_v of entity unisim.LUT6 [\LUT6(init="00011110111000011110...]
Compiling architecture lut5_v of entity unisim.LUT5 [\LUT5(init="10101001101010011010...]
Compiling architecture lut6_v of entity unisim.LUT6 [\LUT6(init="01100110011010011001...]
Compiling architecture lut6_v of entity unisim.LUT6 [\LUT6(init="00000000010101101111...]
Compiling architecture lut4_v of entity unisim.LUT4 [\LUT4(init="0101011010101001")(0...]
Compiling architecture lut5_v of entity unisim.LUT5 [\LUT5(init="01010110010110011010...]
Compiling architecture lut2_v of entity unisim.LUT2 [\LUT2(init="0001")(0,3)\]
Compiling architecture lut1_v of entity unisim.LUT1 [\LUT1(init="0001")(0,3)\]
Compiling architecture lut6_v of entity unisim.LUT6 [\LUT6(init="11101110111011100001...]
Compiling architecture lut5_v of entity unisim.LUT5 [\LUT5(init="10010110100110011111...]
Compiling architecture lut3_v of entity unisim.LUT3 [\LUT3(init="01010110")(0,7)\]
Compiling architecture lut6_v of entity unisim.LUT6 [\LUT6(init="01010101010101100110...]
Compiling architecture lut6_v of entity unisim.LUT6 [\LUT6(init="00000101010100001110...]
Compiling architecture lut4_v of entity unisim.LUT4 [\LUT4(init="0001111011100001")(0...]
Compiling architecture lut6_v of entity unisim.LUT6 [\LUT6(init="01101001011001100000...]
Compiling architecture structure of entity xil_defaultlib.reg [reg_default]
Compiling architecture lut6_v of entity unisim.LUT6 [\LUT6(init="10101111101011111011...]
Compiling architecture lut6_v of entity unisim.LUT6 [\LUT6(init="11111010111110101110...]
Compiling architecture lut3_v of entity unisim.LUT3 [\LUT3(init="00001000")(0,7)\]
Compiling architecture lut4_v of entity unisim.LUT4 [\LUT4(init="0010001000111111")(0...]
Compiling architecture lut4_v of entity unisim.LUT4 [\LUT4(init="0000100000111000")(0...]
Compiling architecture lut6_v of entity unisim.LUT6 [\LUT6(init="00000000000000000001...]
Compiling architecture lut2_v of entity unisim.LUT2 [\LUT2(init="1001")(0,3)\]
Compiling architecture fdse_v of entity unisim.FDSE [\FDSE(init='0')\]
Compiling architecture structure of entity xil_defaultlib.lfsr [lfsr_default]
Compiling architecture lut2_v of entity unisim.LUT2 [\LUT2(init="0110")(0,3)\]
Compiling architecture structure of entity xil_defaultlib.MixColumns [mixcolumns_default]
Compiling architecture lut6_v of entity unisim.LUT6 [\LUT6(init="10010000000010010000...]
Compiling architecture lut6_v of entity unisim.LUT6 [\LUT6(init="00000000000000000000...]
Compiling architecture structure of entity xil_defaultlib.reg_0 [reg_0_default]
Compiling architecture structure of entity xil_defaultlib.SKINNY_128_128_parallel [skinny_128_128_parallel_default]
Compiling architecture bufg_v of entity unisim.BUFG [bufg_default]
Compiling architecture ibuf_v of entity unisim.IBUF [\IBUF(1,9)(1,1)(1,4)(1,7)\]
Compiling architecture obuf_v of entity unisim.OBUF [\OBUF(1,9)(1,7)(1,4)\]
Compiling architecture structure of entity xil_defaultlib.Testing_IP [testing_ip_default]
Compiling architecture behavioral of entity xil_defaultlib.testing_tb
Built simulation snapshot Testing_TB_func_impl
